Analysis & Synthesis report for R32V2020
Thu Jun 03 19:32:24 2021
Quartus Prime Version 20.1.0 Build 711 06/05/2020 SJ Lite Edition


---------------------
; Table of Contents ;
---------------------
  1. Legal Notice
  2. Analysis & Synthesis Summary
  3. Analysis & Synthesis Settings
  4. Parallel Compilation
  5. Analysis & Synthesis Messages



----------------
; Legal Notice ;
----------------
Copyright (C) 2020  Intel Corporation. All rights reserved.
Your use of Intel Corporation's design tools, logic functions 
and other software and tools, and any partner logic 
functions, and any output files from any of the foregoing 
(including device programming or simulation files), and any 
associated documentation or information are expressly subject 
to the terms and conditions of the Intel Program License 
Subscription Agreement, the Intel Quartus Prime License Agreement,
the Intel FPGA IP License Agreement, or other applicable license
agreement, including, without limitation, that your use is for
the sole purpose of programming logic devices manufactured by
Intel and sold by Intel or its authorized distributors.  Please
refer to the applicable agreement for further details, at
https://fpgasoftware.intel.com/eula.



+----------------------------------------------------------------------------------+
; Analysis & Synthesis Summary                                                     ;
+------------------------------------+---------------------------------------------+
; Analysis & Synthesis Status        ; Failed - Thu Jun 03 19:32:24 2021           ;
; Quartus Prime Version              ; 20.1.0 Build 711 06/05/2020 SJ Lite Edition ;
; Revision Name                      ; R32V2020                                    ;
; Top-level Entity Name              ; R32V2020_A4CE6_top                          ;
; Family                             ; Cyclone IV E                                ;
; Total logic elements               ; N/A until Partition Merge                   ;
;     Total combinational functions  ; N/A until Partition Merge                   ;
;     Dedicated logic registers      ; N/A until Partition Merge                   ;
; Total registers                    ; N/A until Partition Merge                   ;
; Total pins                         ; N/A until Partition Merge                   ;
; Total virtual pins                 ; N/A until Partition Merge                   ;
; Total memory bits                  ; N/A until Partition Merge                   ;
; Embedded Multiplier 9-bit elements ; N/A until Partition Merge                   ;
; Total PLLs                         ; N/A until Partition Merge                   ;
+------------------------------------+---------------------------------------------+


+------------------------------------------------------------------------------------------------------------+
; Analysis & Synthesis Settings                                                                              ;
+------------------------------------------------------------------+--------------------+--------------------+
; Option                                                           ; Setting            ; Default Value      ;
+------------------------------------------------------------------+--------------------+--------------------+
; Device                                                           ; EP4CE15F23C8       ;                    ;
; Top-level entity name                                            ; R32V2020_A4CE6_top ; R32V2020           ;
; Family name                                                      ; Cyclone IV E       ; Cyclone V          ;
; Use smart compilation                                            ; On                 ; Off                ;
; Maximum processors allowed for parallel compilation              ; All                ;                    ;
; Infer RAMs from Raw Logic                                        ; Off                ; On                 ;
; Auto Shift Register Replacement                                  ; Always             ; Auto               ;
; Enable parallel Assembler and Timing Analyzer during compilation ; On                 ; On                 ;
; Enable compact report table                                      ; Off                ; Off                ;
; Restructure Multiplexers                                         ; Auto               ; Auto               ;
; Create Debugging Nodes for IP Cores                              ; Off                ; Off                ;
; Preserve fewer node names                                        ; On                 ; On                 ;
; Intel FPGA IP Evaluation Mode                                    ; Enable             ; Enable             ;
; Verilog Version                                                  ; Verilog_2001       ; Verilog_2001       ;
; VHDL Version                                                     ; VHDL_1993          ; VHDL_1993          ;
; State Machine Processing                                         ; Auto               ; Auto               ;
; Safe State Machine                                               ; Off                ; Off                ;
; Extract Verilog State Machines                                   ; On                 ; On                 ;
; Extract VHDL State Machines                                      ; On                 ; On                 ;
; Ignore Verilog initial constructs                                ; Off                ; Off                ;
; Iteration limit for constant Verilog loops                       ; 5000               ; 5000               ;
; Iteration limit for non-constant Verilog loops                   ; 250                ; 250                ;
; Add Pass-Through Logic to Inferred RAMs                          ; On                 ; On                 ;
; Parallel Synthesis                                               ; On                 ; On                 ;
; DSP Block Balancing                                              ; Auto               ; Auto               ;
; NOT Gate Push-Back                                               ; On                 ; On                 ;
; Power-Up Don't Care                                              ; On                 ; On                 ;
; Remove Redundant Logic Cells                                     ; Off                ; Off                ;
; Remove Duplicate Registers                                       ; On                 ; On                 ;
; Ignore CARRY Buffers                                             ; Off                ; Off                ;
; Ignore CASCADE Buffers                                           ; Off                ; Off                ;
; Ignore GLOBAL Buffers                                            ; Off                ; Off                ;
; Ignore ROW GLOBAL Buffers                                        ; Off                ; Off                ;
; Ignore LCELL Buffers                                             ; Off                ; Off                ;
; Ignore SOFT Buffers                                              ; On                 ; On                 ;
; Limit AHDL Integers to 32 Bits                                   ; Off                ; Off                ;
; Optimization Technique                                           ; Balanced           ; Balanced           ;
; Carry Chain Length                                               ; 70                 ; 70                 ;
; Auto Carry Chains                                                ; On                 ; On                 ;
; Auto Open-Drain Pins                                             ; On                 ; On                 ;
; Perform WYSIWYG Primitive Resynthesis                            ; Off                ; Off                ;
; Auto ROM Replacement                                             ; On                 ; On                 ;
; Auto RAM Replacement                                             ; On                 ; On                 ;
; Auto DSP Block Replacement                                       ; On                 ; On                 ;
; Allow Shift Register Merging across Hierarchies                  ; Auto               ; Auto               ;
; Auto Clock Enable Replacement                                    ; On                 ; On                 ;
; Strict RAM Replacement                                           ; Off                ; Off                ;
; Allow Synchronous Control Signals                                ; On                 ; On                 ;
; Force Use of Synchronous Clear Signals                           ; Off                ; Off                ;
; Auto RAM Block Balancing                                         ; On                 ; On                 ;
; Auto RAM to Logic Cell Conversion                                ; Off                ; Off                ;
; Auto Resource Sharing                                            ; Off                ; Off                ;
; Allow Any RAM Size For Recognition                               ; Off                ; Off                ;
; Allow Any ROM Size For Recognition                               ; Off                ; Off                ;
; Allow Any Shift Register Size For Recognition                    ; Off                ; Off                ;
; Use LogicLock Constraints during Resource Balancing              ; On                 ; On                 ;
; Ignore translate_off and synthesis_off directives                ; Off                ; Off                ;
; Timing-Driven Synthesis                                          ; On                 ; On                 ;
; Report Parameter Settings                                        ; On                 ; On                 ;
; Report Source Assignments                                        ; On                 ; On                 ;
; Report Connectivity Checks                                       ; On                 ; On                 ;
; Ignore Maximum Fan-Out Assignments                               ; Off                ; Off                ;
; Synchronization Register Chain Length                            ; 2                  ; 2                  ;
; Power Optimization During Synthesis                              ; Normal compilation ; Normal compilation ;
; HDL message level                                                ; Level2             ; Level2             ;
; Suppress Register Optimization Related Messages                  ; Off                ; Off                ;
; Number of Removed Registers Reported in Synthesis Report         ; 5000               ; 5000               ;
; Number of Swept Nodes Reported in Synthesis Report               ; 5000               ; 5000               ;
; Number of Inverted Registers Reported in Synthesis Report        ; 100                ; 100                ;
; Clock MUX Protection                                             ; On                 ; On                 ;
; Auto Gated Clock Conversion                                      ; Off                ; Off                ;
; Block Design Naming                                              ; Auto               ; Auto               ;
; SDC constraint protection                                        ; Off                ; Off                ;
; Synthesis Effort                                                 ; Auto               ; Auto               ;
; Shift Register Replacement - Allow Asynchronous Clear Signal     ; On                 ; On                 ;
; Pre-Mapping Resynthesis Optimization                             ; Off                ; Off                ;
; Analysis & Synthesis Message Level                               ; Medium             ; Medium             ;
; Disable Register Merging Across Hierarchies                      ; Auto               ; Auto               ;
; Resource Aware Inference For Block RAM                           ; On                 ; On                 ;
+------------------------------------------------------------------+--------------------+--------------------+


+------------------------------------------+
; Parallel Compilation                     ;
+----------------------------+-------------+
; Processors                 ; Number      ;
+----------------------------+-------------+
; Number detected on machine ; 8           ;
; Maximum allowed            ; 4           ;
;                            ;             ;
; Average used               ; 1.00        ;
; Maximum used               ; 1           ;
;                            ;             ;
; Usage by Processor         ; % Time Used ;
;     Processor 1            ; 100.0%      ;
+----------------------------+-------------+


+-------------------------------+
; Analysis & Synthesis Messages ;
+-------------------------------+
Info: *******************************************************************
Info: Running Quartus Prime Analysis & Synthesis
    Info: Version 20.1.0 Build 711 06/05/2020 SJ Lite Edition
    Info: Processing started: Thu Jun 03 19:32:11 2021
Info: Command: quartus_map --read_settings_files=on --write_settings_files=off R32V2020 -c R32V2020
Info (20030): Parallel compilation is enabled and will use 4 of the 4 processors detected
Info (12021): Found 2 design units, including 1 entities, in source file /users/hpz420/documents/github/doug gilliland/r32v2020/vhdl/components/vga/bit_mapped_xga/videoclk_xga_1024x768.vhd
    Info (12022): Found design unit 1: VideoClk_XGA_1024x768-SYN File: C:/Users/HPz420/Documents/GitHub/Doug Gilliland/R32V2020/VHDL/Components/VGA/Bit_Mapped_XGA/VideoClk_XGA_1024x768.vhd Line: 55
    Info (12023): Found entity 1: VideoClk_XGA_1024x768 File: C:/Users/HPz420/Documents/GitHub/Doug Gilliland/R32V2020/VHDL/Components/VGA/Bit_Mapped_XGA/VideoClk_XGA_1024x768.vhd Line: 42
Info (12021): Found 2 design units, including 1 entities, in source file /users/hpz420/documents/github/doug gilliland/r32v2020/vhdl/components/vga/bit_mapped_xga/video_xvga_bit_mapped.vhd
    Info (12022): Found design unit 1: Video_XVGA_Bit_Mapped-rtl File: C:/Users/HPz420/Documents/GitHub/Doug Gilliland/R32V2020/VHDL/Components/VGA/Bit_Mapped_XGA/Video_XVGA_Bit_Mapped.vhd Line: 28
    Info (12023): Found entity 1: Video_XVGA_Bit_Mapped File: C:/Users/HPz420/Documents/GitHub/Doug Gilliland/R32V2020/VHDL/Components/VGA/Bit_Mapped_XGA/Video_XVGA_Bit_Mapped.vhd Line: 14
Info (12021): Found 2 design units, including 1 entities, in source file /users/hpz420/documents/github/doug gilliland/r32v2020/vhdl/components/vga/bit_mapped_xga/bit_mapped_xga.vhd
    Info (12022): Found design unit 1: Bit_Mapped_XGA-struct File: C:/Users/HPz420/Documents/GitHub/Doug Gilliland/R32V2020/VHDL/Components/VGA/Bit_Mapped_XGA/Bit_Mapped_XGA.vhd Line: 27
    Info (12023): Found entity 1: Bit_Mapped_XGA File: C:/Users/HPz420/Documents/GitHub/Doug Gilliland/R32V2020/VHDL/Components/VGA/Bit_Mapped_XGA/Bit_Mapped_XGA.vhd Line: 9
Info (12021): Found 2 design units, including 1 entities, in source file r32v2020_a4ce6_top.vhd
    Info (12022): Found design unit 1: R32V2020_A4CE6_top-struct File: C:/Users/HPz420/Documents/GitHub/Doug Gilliland/R32V2020/VHDL/Top_Level_Builds/R32V2020_Build_V002_RETRO-EP4CE15_BMVid/R32V2020_A4CE6_top.vhd Line: 50
    Info (12023): Found entity 1: R32V2020_A4CE6_top File: C:/Users/HPz420/Documents/GitHub/Doug Gilliland/R32V2020/VHDL/Top_Level_Builds/R32V2020_Build_V002_RETRO-EP4CE15_BMVid/R32V2020_A4CE6_top.vhd Line: 12
Info (12021): Found 2 design units, including 1 entities, in source file /users/hpz420/documents/github/doug gilliland/r32v2020/vhdl/components/blockram_data/blockram_data2.vhd
    Info (12022): Found design unit 1: blockram_data2-SYN File: C:/Users/HPz420/Documents/GitHub/Doug Gilliland/R32V2020/VHDL/Components/BlockRam_Data/BlockRam_Data2.vhd Line: 56
    Info (12023): Found entity 1: BlockRam_Data2 File: C:/Users/HPz420/Documents/GitHub/Doug Gilliland/R32V2020/VHDL/Components/BlockRam_Data/BlockRam_Data2.vhd Line: 42
Info (12021): Found 2 design units, including 1 entities, in source file /users/hpz420/documents/github/doug gilliland/r32v2020/vhdl/components/sdcard/sd_controller_nealc.vhd
    Info (12022): Found design unit 1: sd_controller_NealC-rtl File: C:/Users/HPz420/Documents/GitHub/Doug Gilliland/R32V2020/VHDL/Components/SDCARD/sd_controller_NealC.vhd Line: 125
    Info (12023): Found entity 1: sd_controller_NealC File: C:/Users/HPz420/Documents/GitHub/Doug Gilliland/R32V2020/VHDL/Components/SDCARD/sd_controller_NealC.vhd Line: 103
Info (12021): Found 2 design units, including 1 entities, in source file /users/hpz420/documents/github/doug gilliland/r32v2020/vhdl/components/ps2kb/wrap_keyboard.vhd
    Info (12022): Found design unit 1: Wrap_Keyboard-logic File: C:/Users/HPz420/Documents/GitHub/Doug Gilliland/R32V2020/VHDL/Components/PS2KB/Wrap_Keyboard.vhd Line: 17
    Info (12023): Found entity 1: Wrap_Keyboard File: C:/Users/HPz420/Documents/GitHub/Doug Gilliland/R32V2020/VHDL/Components/PS2KB/Wrap_Keyboard.vhd Line: 5
Info (12021): Found 2 design units, including 1 entities, in source file /users/hpz420/documents/github/doug gilliland/r32v2020/vhdl/components/soundgen/soundtable01.vhd
    Info (12022): Found design unit 1: SoundTable01-behavior File: C:/Users/HPz420/Documents/GitHub/Doug Gilliland/R32V2020/VHDL/Components/SoundGen/SoundTable01.VHD Line: 24
    Info (12023): Found entity 1: SoundTable01 File: C:/Users/HPz420/Documents/GitHub/Doug Gilliland/R32V2020/VHDL/Components/SoundGen/SoundTable01.VHD Line: 16
Info (12021): Found 2 design units, including 1 entities, in source file /users/hpz420/documents/github/doug gilliland/r32v2020/vhdl/components/blockram_data/wrap_data_ram.vhd
    Info (12022): Found design unit 1: Wrap_Data_Ram-SYN File: C:/Users/HPz420/Documents/GitHub/Doug Gilliland/R32V2020/VHDL/Components/BlockRam_Data/Wrap_Data_Ram.vhd Line: 37
    Info (12023): Found entity 1: Wrap_Data_Ram File: C:/Users/HPz420/Documents/GitHub/Doug Gilliland/R32V2020/VHDL/Components/BlockRam_Data/Wrap_Data_Ram.vhd Line: 16
Info (12021): Found 2 design units, including 1 entities, in source file /users/hpz420/documents/github/doug gilliland/r32v2020/vhdl/components/r32v2020/r32v2020_top.vhd
    Info (12022): Found design unit 1: R32V2020_top-struct File: C:/Users/HPz420/Documents/GitHub/Doug Gilliland/R32V2020/VHDL/Components/R32V2020/R32V2020_top.vhd Line: 73
    Info (12023): Found entity 1: R32V2020_top File: C:/Users/HPz420/Documents/GitHub/Doug Gilliland/R32V2020/VHDL/Components/R32V2020/R32V2020_top.vhd Line: 11
Info (12021): Found 2 design units, including 1 entities, in source file /users/hpz420/documents/github/doug gilliland/r32v2020/vhdl/components/spi/reverse-u16/spi.vhd
    Info (12022): Found design unit 1: spi-rtl File: C:/Users/HPz420/Documents/GitHub/Doug Gilliland/R32V2020/VHDL/Components/SPI/ReVerSE-U16/spi.vhd Line: 34
    Info (12023): Found entity 1: spi File: C:/Users/HPz420/Documents/GitHub/Doug Gilliland/R32V2020/VHDL/Components/SPI/ReVerSE-U16/spi.vhd Line: 17
Info (12021): Found 2 design units, including 1 entities, in source file /users/hpz420/documents/github/doug gilliland/r32v2020/vhdl/components/i2c/i2c.vhd
    Info (12022): Found design unit 1: i2c-rtc_arch File: C:/Users/HPz420/Documents/GitHub/Doug Gilliland/R32V2020/VHDL/Components/I2C/i2c.vhd Line: 65
    Info (12023): Found entity 1: i2c File: C:/Users/HPz420/Documents/GitHub/Doug Gilliland/R32V2020/VHDL/Components/I2C/i2c.vhd Line: 51
Info (12021): Found 2 design units, including 1 entities, in source file /users/hpz420/documents/github/doug gilliland/r32v2020/vhdl/components/ps2kb/ps2_keyboard_to_ascii.vhd
    Info (12022): Found design unit 1: ps2_keyboard_to_ascii-behavior File: C:/Users/HPz420/Documents/GitHub/Doug Gilliland/R32V2020/VHDL/Components/PS2KB/ps2_keyboard_to_ascii.vhd Line: 39
    Info (12023): Found entity 1: ps2_keyboard_to_ascii File: C:/Users/HPz420/Documents/GitHub/Doug Gilliland/R32V2020/VHDL/Components/PS2KB/ps2_keyboard_to_ascii.vhd Line: 27
Info (12021): Found 2 design units, including 1 entities, in source file /users/hpz420/documents/github/doug gilliland/r32v2020/vhdl/components/ps2kb/ps2_keyboard.vhd
    Info (12022): Found design unit 1: ps2_keyboard-logic File: C:/Users/HPz420/Documents/GitHub/Doug Gilliland/R32V2020/VHDL/Components/PS2KB/ps2_keyboard.vhd Line: 38
    Info (12023): Found entity 1: ps2_keyboard File: C:/Users/HPz420/Documents/GitHub/Doug Gilliland/R32V2020/VHDL/Components/PS2KB/ps2_keyboard.vhd Line: 26
Info (12021): Found 2 design units, including 1 entities, in source file /users/hpz420/documents/github/doug gilliland/r32v2020/vhdl/components/ps2kb/debounce.vhd
    Info (12022): Found design unit 1: debounce-logic File: C:/Users/HPz420/Documents/GitHub/Doug Gilliland/R32V2020/VHDL/Components/PS2KB/debounce.vhd Line: 36
    Info (12023): Found entity 1: debounce File: C:/Users/HPz420/Documents/GitHub/Doug Gilliland/R32V2020/VHDL/Components/PS2KB/debounce.vhd Line: 27
Info (12021): Found 1 design units, including 0 entities, in source file /users/hpz420/documents/github/doug gilliland/r32v2020/vhdl/components/r32v2020/r32v2020_pkg.vhd
    Info (12022): Found design unit 1: R32V2020_Pkg File: C:/Users/HPz420/Documents/GitHub/Doug Gilliland/R32V2020/VHDL/Components/R32V2020/R32V2020_Pkg.vhd Line: 9
Info (12021): Found 2 design units, including 1 entities, in source file /users/hpz420/documents/github/doug gilliland/r32v2020/vhdl/components/debounce/debounce.vhd
    Info (12022): Found design unit 1: Debouncer-struct File: C:/Users/HPz420/Documents/GitHub/Doug Gilliland/R32V2020/VHDL/Components/Debounce/Debounce.vhd Line: 17
    Info (12023): Found entity 1: Debouncer File: C:/Users/HPz420/Documents/GitHub/Doug Gilliland/R32V2020/VHDL/Components/Debounce/Debounce.vhd Line: 8
Info (12021): Found 2 design units, including 1 entities, in source file /users/hpz420/documents/github/doug gilliland/r32v2020/vhdl/components/seven_seg_8_digit/loadable_7s8d_led.vhd
    Info (12022): Found design unit 1: Loadable_7S8D_LED-Behavioral File: C:/Users/HPz420/Documents/GitHub/Doug Gilliland/R32V2020/VHDL/Components/Seven_Seg_8_Digit/Loadable_7S8D_LED.vhd Line: 19
    Info (12023): Found entity 1: Loadable_7S8D_LED File: C:/Users/HPz420/Documents/GitHub/Doug Gilliland/R32V2020/VHDL/Components/Seven_Seg_8_Digit/Loadable_7S8D_LED.vhd Line: 10
Info (12021): Found 2 design units, including 1 entities, in source file /users/hpz420/documents/github/doug gilliland/r32v2020/vhdl/components/r32v2020/registerfile.vhd
    Info (12022): Found design unit 1: RegisterFile-struct File: C:/Users/HPz420/Documents/GitHub/Doug Gilliland/R32V2020/VHDL/Components/R32V2020/RegisterFile.vhd Line: 65
    Info (12023): Found entity 1: RegisterFile File: C:/Users/HPz420/Documents/GitHub/Doug Gilliland/R32V2020/VHDL/Components/R32V2020/RegisterFile.vhd Line: 23
Info (12021): Found 2 design units, including 1 entities, in source file /users/hpz420/documents/github/doug gilliland/r32v2020/vhdl/components/r32v2020/r32v2020.vhd
    Info (12022): Found design unit 1: R32V2020-struct File: C:/Users/HPz420/Documents/GitHub/Doug Gilliland/R32V2020/VHDL/Components/R32V2020/R32V2020.vhd Line: 45
    Info (12023): Found entity 1: R32V2020 File: C:/Users/HPz420/Documents/GitHub/Doug Gilliland/R32V2020/VHDL/Components/R32V2020/R32V2020.vhd Line: 11
Info (12021): Found 2 design units, including 1 entities, in source file /users/hpz420/documents/github/doug gilliland/r32v2020/vhdl/components/r32v2020/opcodedecoder.vhd
    Info (12022): Found design unit 1: OpCodeDecoder-struct File: C:/Users/HPz420/Documents/GitHub/Doug Gilliland/R32V2020/VHDL/Components/R32V2020/OpCodeDecoder.vhd Line: 92
    Info (12023): Found entity 1: OpCodeDecoder File: C:/Users/HPz420/Documents/GitHub/Doug Gilliland/R32V2020/VHDL/Components/R32V2020/OpCodeDecoder.vhd Line: 11
Info (12021): Found 2 design units, including 1 entities, in source file /users/hpz420/documents/github/doug gilliland/r32v2020/vhdl/components/r32v2020/opcode_cat_decoder.vhd
    Info (12022): Found design unit 1: OpCode_Cat_Decoder-struct File: C:/Users/HPz420/Documents/GitHub/Doug Gilliland/R32V2020/VHDL/Components/R32V2020/OpCode_Cat_Decoder.vhd Line: 23
    Info (12023): Found entity 1: OpCode_Cat_Decoder File: C:/Users/HPz420/Documents/GitHub/Doug Gilliland/R32V2020/VHDL/Components/R32V2020/OpCode_Cat_Decoder.vhd Line: 10
Info (12021): Found 2 design units, including 1 entities, in source file /users/hpz420/documents/github/doug gilliland/r32v2020/vhdl/components/r32v2020/onehotstatemachine.vhd
    Info (12022): Found design unit 1: OneHotStateMachine-rtl File: C:/Users/HPz420/Documents/GitHub/Doug Gilliland/R32V2020/VHDL/Components/R32V2020/OneHotStateMachine.vhd Line: 19
    Info (12023): Found entity 1: OneHotStateMachine File: C:/Users/HPz420/Documents/GitHub/Doug Gilliland/R32V2020/VHDL/Components/R32V2020/OneHotStateMachine.vhd Line: 10
Info (12021): Found 2 design units, including 1 entities, in source file /users/hpz420/documents/github/doug gilliland/r32v2020/vhdl/components/r32v2020/flowcontrol.vhd
    Info (12022): Found design unit 1: FlowControl-description File: C:/Users/HPz420/Documents/GitHub/Doug Gilliland/R32V2020/VHDL/Components/R32V2020/FlowControl.vhd Line: 30
    Info (12023): Found entity 1: FlowControl File: C:/Users/HPz420/Documents/GitHub/Doug Gilliland/R32V2020/VHDL/Components/R32V2020/FlowControl.vhd Line: 11
Info (12021): Found 2 design units, including 1 entities, in source file /users/hpz420/documents/github/doug gilliland/r32v2020/vhdl/components/r32v2020/ccrcontrol.vhd
    Info (12022): Found design unit 1: CCRControl-description File: C:/Users/HPz420/Documents/GitHub/Doug Gilliland/R32V2020/VHDL/Components/R32V2020/CCRControl.vhd Line: 37
    Info (12023): Found entity 1: CCRControl File: C:/Users/HPz420/Documents/GitHub/Doug Gilliland/R32V2020/VHDL/Components/R32V2020/CCRControl.vhd Line: 11
Info (12021): Found 2 design units, including 1 entities, in source file /users/hpz420/documents/github/doug gilliland/r32v2020/vhdl/components/r32v2020/alu.vhd
    Info (12022): Found design unit 1: ALU-struct File: C:/Users/HPz420/Documents/GitHub/Doug Gilliland/R32V2020/VHDL/Components/R32V2020/ALU.vhd Line: 46
    Info (12023): Found entity 1: ALU File: C:/Users/HPz420/Documents/GitHub/Doug Gilliland/R32V2020/VHDL/Components/R32V2020/ALU.vhd Line: 14
Info (12021): Found 2 design units, including 1 entities, in source file /users/hpz420/documents/github/doug gilliland/r32v2020/vhdl/components/blockram_data/blockram_data.vhd
    Info (12022): Found design unit 1: blockram_data-SYN File: C:/Users/HPz420/Documents/GitHub/Doug Gilliland/R32V2020/VHDL/Components/BlockRam_Data/BlockRam_Data.vhd Line: 56
    Info (12023): Found entity 1: BlockRam_Data File: C:/Users/HPz420/Documents/GitHub/Doug Gilliland/R32V2020/VHDL/Components/BlockRam_Data/BlockRam_Data.vhd Line: 42
Info (12021): Found 2 design units, including 1 entities, in source file /users/hpz420/documents/github/doug gilliland/r32v2020/vhdl/components/registers/reg_8.vhd
    Info (12022): Found design unit 1: REG_8-description File: C:/Users/HPz420/Documents/GitHub/Doug Gilliland/R32V2020/VHDL/Components/Registers/REG_8.vhd Line: 15
    Info (12023): Found entity 1: REG_8 File: C:/Users/HPz420/Documents/GitHub/Doug Gilliland/R32V2020/VHDL/Components/Registers/REG_8.vhd Line: 6
Info (12021): Found 2 design units, including 1 entities, in source file /users/hpz420/documents/github/doug gilliland/r32v2020/vhdl/components/counter/counterloadable.vhd
    Info (12022): Found design unit 1: counterLoadable-behv File: C:/Users/HPz420/Documents/GitHub/Doug Gilliland/R32V2020/VHDL/Components/COUNTER/CounterLoadable.vhd Line: 22
    Info (12023): Found entity 1: counterLoadable File: C:/Users/HPz420/Documents/GitHub/Doug Gilliland/R32V2020/VHDL/Components/COUNTER/CounterLoadable.vhd Line: 12
Info (12021): Found 2 design units, including 1 entities, in source file /users/hpz420/documents/github/doug gilliland/r32v2020/vhdl/components/counter/counter_32.vhd
    Info (12022): Found design unit 1: COUNT_32-description File: C:/Users/HPz420/Documents/GitHub/Doug Gilliland/R32V2020/VHDL/Components/COUNTER/COUNTER_32.vhd Line: 17
    Info (12023): Found entity 1: COUNT_32 File: C:/Users/HPz420/Documents/GitHub/Doug Gilliland/R32V2020/VHDL/Components/COUNTER/COUNTER_32.vhd Line: 6
Info (12021): Found 2 design units, including 1 entities, in source file /users/hpz420/documents/github/doug gilliland/r32v2020/vhdl/components/counter/counter.vhd
    Info (12022): Found design unit 1: counter-behv File: C:/Users/HPz420/Documents/GitHub/Doug Gilliland/R32V2020/VHDL/Components/COUNTER/Counter.vhd Line: 28
    Info (12023): Found entity 1: counter File: C:/Users/HPz420/Documents/GitHub/Doug Gilliland/R32V2020/VHDL/Components/COUNTER/Counter.vhd Line: 15
Info (12021): Found 2 design units, including 1 entities, in source file /users/hpz420/documents/github/doug gilliland/r32v2020/vhdl/components/multiplexers/mux_16x32.vhd
    Info (12022): Found design unit 1: MUX_16x32-sim File: C:/Users/HPz420/Documents/GitHub/Doug Gilliland/R32V2020/VHDL/Components/Multiplexers/MUX_16x32.vhd Line: 27
    Info (12023): Found entity 1: MUX_16x32 File: C:/Users/HPz420/Documents/GitHub/Doug Gilliland/R32V2020/VHDL/Components/Multiplexers/MUX_16x32.vhd Line: 5
Info (12021): Found 2 design units, including 1 entities, in source file /users/hpz420/documents/github/doug gilliland/r32v2020/vhdl/components/registers/reg_32_ld_at_reset.vhd
    Info (12022): Found design unit 1: REG_32_LD_At_Reset-description File: C:/Users/HPz420/Documents/GitHub/Doug Gilliland/R32V2020/VHDL/Components/Registers/REG_32_LD_At_Reset.vhd Line: 15
    Info (12023): Found entity 1: REG_32_LD_At_Reset File: C:/Users/HPz420/Documents/GitHub/Doug Gilliland/R32V2020/VHDL/Components/Registers/REG_32_LD_At_Reset.vhd Line: 6
Info (12021): Found 2 design units, including 1 entities, in source file /users/hpz420/documents/github/doug gilliland/r32v2020/vhdl/components/registers/reg_32_constant.vhd
    Info (12022): Found design unit 1: REG_32_CONSTANT-description File: C:/Users/HPz420/Documents/GitHub/Doug Gilliland/R32V2020/VHDL/Components/Registers/REG_32_CONSTANT.vhd Line: 16
    Info (12023): Found entity 1: REG_32_CONSTANT File: C:/Users/HPz420/Documents/GitHub/Doug Gilliland/R32V2020/VHDL/Components/Registers/REG_32_CONSTANT.vhd Line: 6
Info (12021): Found 2 design units, including 1 entities, in source file /users/hpz420/documents/github/doug gilliland/r32v2020/vhdl/components/registers/reg_32.vhd
    Info (12022): Found design unit 1: REG_32-description File: C:/Users/HPz420/Documents/GitHub/Doug Gilliland/R32V2020/VHDL/Components/Registers/REG_32.vhd Line: 15
    Info (12023): Found entity 1: REG_32 File: C:/Users/HPz420/Documents/GitHub/Doug Gilliland/R32V2020/VHDL/Components/Registers/REG_32.vhd Line: 6
Info (12021): Found 2 design units, including 1 entities, in source file /users/hpz420/documents/github/doug gilliland/r32v2020/vhdl/components/registers/reg_1.vhd
    Info (12022): Found design unit 1: REG_1-description File: C:/Users/HPz420/Documents/GitHub/Doug Gilliland/R32V2020/VHDL/Components/Registers/REG_1.vhd Line: 13
    Info (12023): Found entity 1: REG_1 File: C:/Users/HPz420/Documents/GitHub/Doug Gilliland/R32V2020/VHDL/Components/Registers/REG_1.vhd Line: 4
Info (12021): Found 2 design units, including 1 entities, in source file /users/hpz420/documents/github/doug gilliland/r32v2020/vhdl/components/blockrom_instruction/blockrom_instruction.vhd
    Info (12022): Found design unit 1: blockrom_instruction-SYN File: C:/Users/HPz420/Documents/GitHub/Doug Gilliland/R32V2020/VHDL/Components/BlockRom_Instruction/BlockRom_Instruction.vhd Line: 53
    Info (12023): Found entity 1: BlockRom_Instruction File: C:/Users/HPz420/Documents/GitHub/Doug Gilliland/R32V2020/VHDL/Components/BlockRom_Instruction/BlockRom_Instruction.vhd Line: 42
Info (12021): Found 2 design units, including 1 entities, in source file /users/hpz420/documents/github/doug gilliland/r32v2020/vhdl/components/blockram_stack/blockram_stack.vhd
    Info (12022): Found design unit 1: blockram_stack-SYN File: C:/Users/HPz420/Documents/GitHub/Doug Gilliland/R32V2020/VHDL/Components/BlockRam_Stack/BlockRam_Stack.vhd Line: 54
    Info (12023): Found entity 1: BlockRam_Stack File: C:/Users/HPz420/Documents/GitHub/Doug Gilliland/R32V2020/VHDL/Components/BlockRam_Stack/BlockRam_Stack.vhd Line: 42
Info (12021): Found 2 design units, including 1 entities, in source file /users/hpz420/documents/github/doug gilliland/r32v2020/vhdl/components/uart/buffereduart.vhd
    Info (12022): Found design unit 1: bufferedUART-rtl File: C:/Users/HPz420/Documents/GitHub/Doug Gilliland/R32V2020/VHDL/Components/UART/bufferedUART.vhd Line: 48
    Info (12023): Found entity 1: bufferedUART File: C:/Users/HPz420/Documents/GitHub/Doug Gilliland/R32V2020/VHDL/Components/UART/bufferedUART.vhd Line: 27
Info (12021): Found 2 design units, including 1 entities, in source file /users/hpz420/documents/github/doug gilliland/r32v2020/vhdl/components/registers/reg_16.vhd
    Info (12022): Found design unit 1: REG_16-description File: C:/Users/HPz420/Documents/GitHub/Doug Gilliland/R32V2020/VHDL/Components/Registers/REG_16.vhd Line: 15
    Info (12023): Found entity 1: REG_16 File: C:/Users/HPz420/Documents/GitHub/Doug Gilliland/R32V2020/VHDL/Components/Registers/REG_16.vhd Line: 6
Info (12021): Found 2 design units, including 1 entities, in source file /users/hpz420/documents/github/doug gilliland/r32v2020/vhdl/components/timers/timer_unit.vhd
    Info (12022): Found design unit 1: Timer_Unit-struct File: C:/Users/HPz420/Documents/GitHub/Doug Gilliland/R32V2020/VHDL/Components/Timers/Timer_Unit.vhd Line: 28
    Info (12023): Found entity 1: Timer_Unit File: C:/Users/HPz420/Documents/GitHub/Doug Gilliland/R32V2020/VHDL/Components/Timers/Timer_Unit.vhd Line: 15
Info (12021): Found 2 design units, including 1 entities, in source file /users/hpz420/documents/github/doug gilliland/r32v2020/vhdl/components/counter/counter_32_load124.vhd
    Info (12022): Found design unit 1: COUNT_32_Load124-description File: C:/Users/HPz420/Documents/GitHub/Doug Gilliland/R32V2020/VHDL/Components/COUNTER/COUNTER_32_Load124.vhd Line: 18
    Info (12023): Found entity 1: COUNT_32_Load124 File: C:/Users/HPz420/Documents/GitHub/Doug Gilliland/R32V2020/VHDL/Components/COUNTER/COUNTER_32_Load124.vhd Line: 6
Info (12021): Found 2 design units, including 1 entities, in source file /users/hpz420/documents/github/doug gilliland/r32v2020/vhdl/components/soundgen/soundgen.vhd
    Info (12022): Found design unit 1: SoundGen-behv File: C:/Users/HPz420/Documents/GitHub/Doug Gilliland/R32V2020/VHDL/Components/SoundGen/SoundGen.vhd Line: 22
    Info (12023): Found entity 1: SoundGen File: C:/Users/HPz420/Documents/GitHub/Doug Gilliland/R32V2020/VHDL/Components/SoundGen/SoundGen.vhd Line: 13
Info (12021): Found 2 design units, including 1 entities, in source file /users/hpz420/documents/github/doug gilliland/r32v2020/vhdl/components/peripheralinterface/peripheralinterface-bitmappedvideo.vhd
    Info (12022): Found design unit 1: PeripheralInterface-struct File: C:/Users/HPz420/Documents/GitHub/Doug Gilliland/R32V2020/VHDL/Components/PeripheralInterface/PeripheralInterface-BitMappedVideo.vhd Line: 70
    Info (12023): Found entity 1: PeripheralInterface File: C:/Users/HPz420/Documents/GitHub/Doug Gilliland/R32V2020/VHDL/Components/PeripheralInterface/PeripheralInterface-BitMappedVideo.vhd Line: 14
Info (12021): Found 2 design units, including 1 entities, in source file /users/hpz420/documents/github/doug gilliland/r32v2020/vhdl/components/displayram/displayram8kb.vhd
    Info (12022): Found design unit 1: displayram8kb-SYN File: C:/Users/HPz420/Documents/GitHub/Doug Gilliland/R32V2020/VHDL/Components/DisplayRAM/DisplayRam8KB.vhd Line: 59
    Info (12023): Found entity 1: DisplayRam8KB File: C:/Users/HPz420/Documents/GitHub/Doug Gilliland/R32V2020/VHDL/Components/DisplayRAM/DisplayRam8KB.vhd Line: 42
Error (10482): VHDL error at Bit_Mapped_XGA.vhd(46): object "dispRamDataOut" is used but not declared File: C:/Users/HPz420/Documents/GitHub/Doug Gilliland/R32V2020/VHDL/Components/VGA/Bit_Mapped_XGA/Bit_Mapped_XGA.vhd Line: 46
Error: Quartus Prime Analysis & Synthesis was unsuccessful. 1 error, 0 warnings
    Error: Peak virtual memory: 4787 megabytes
    Error: Processing ended: Thu Jun 03 19:32:24 2021
    Error: Elapsed time: 00:00:13
    Error: Total CPU time (on all processors): 00:00:33


