Analysis & Synthesis report for R32V2020
Thu Jun 03 20:08:36 2021
Quartus Prime Version 20.1.0 Build 711 06/05/2020 SJ Lite Edition


---------------------
; Table of Contents ;
---------------------
  1. Legal Notice
  2. Analysis & Synthesis Summary
  3. Analysis & Synthesis Settings
  4. Parallel Compilation
  5. Analysis & Synthesis Messages



----------------
; Legal Notice ;
----------------
Copyright (C) 2020  Intel Corporation. All rights reserved.
Your use of Intel Corporation's design tools, logic functions 
and other software and tools, and any partner logic 
functions, and any output files from any of the foregoing 
(including device programming or simulation files), and any 
associated documentation or information are expressly subject 
to the terms and conditions of the Intel Program License 
Subscription Agreement, the Intel Quartus Prime License Agreement,
the Intel FPGA IP License Agreement, or other applicable license
agreement, including, without limitation, that your use is for
the sole purpose of programming logic devices manufactured by
Intel and sold by Intel or its authorized distributors.  Please
refer to the applicable agreement for further details, at
https://fpgasoftware.intel.com/eula.



+----------------------------------------------------------------------------------+
; Analysis & Synthesis Summary                                                     ;
+------------------------------------+---------------------------------------------+
; Analysis & Synthesis Status        ; Failed - Thu Jun 03 20:08:36 2021           ;
; Quartus Prime Version              ; 20.1.0 Build 711 06/05/2020 SJ Lite Edition ;
; Revision Name                      ; R32V2020                                    ;
; Top-level Entity Name              ; top                                         ;
; Family                             ; Cyclone IV E                                ;
; Total logic elements               ; N/A until Partition Merge                   ;
;     Total combinational functions  ; N/A until Partition Merge                   ;
;     Dedicated logic registers      ; N/A until Partition Merge                   ;
; Total registers                    ; N/A until Partition Merge                   ;
; Total pins                         ; N/A until Partition Merge                   ;
; Total virtual pins                 ; N/A until Partition Merge                   ;
; Total memory bits                  ; N/A until Partition Merge                   ;
; Embedded Multiplier 9-bit elements ; N/A until Partition Merge                   ;
; Total PLLs                         ; N/A until Partition Merge                   ;
+------------------------------------+---------------------------------------------+


+------------------------------------------------------------------------------------------------------------+
; Analysis & Synthesis Settings                                                                              ;
+------------------------------------------------------------------+--------------------+--------------------+
; Option                                                           ; Setting            ; Default Value      ;
+------------------------------------------------------------------+--------------------+--------------------+
; Device                                                           ; EP4CE6E22C6        ;                    ;
; Top-level entity name                                            ; top                ; R32V2020           ;
; Family name                                                      ; Cyclone IV E       ; Cyclone V          ;
; Use smart compilation                                            ; On                 ; Off                ;
; Maximum processors allowed for parallel compilation              ; 4                  ;                    ;
; Infer RAMs from Raw Logic                                        ; Off                ; On                 ;
; Auto Shift Register Replacement                                  ; Always             ; Auto               ;
; Use LogicLock Constraints during Resource Balancing              ; Off                ; On                 ;
; Enable parallel Assembler and Timing Analyzer during compilation ; On                 ; On                 ;
; Enable compact report table                                      ; Off                ; Off                ;
; Restructure Multiplexers                                         ; Auto               ; Auto               ;
; Create Debugging Nodes for IP Cores                              ; Off                ; Off                ;
; Preserve fewer node names                                        ; On                 ; On                 ;
; Intel FPGA IP Evaluation Mode                                    ; Enable             ; Enable             ;
; Verilog Version                                                  ; Verilog_2001       ; Verilog_2001       ;
; VHDL Version                                                     ; VHDL_1993          ; VHDL_1993          ;
; State Machine Processing                                         ; Auto               ; Auto               ;
; Safe State Machine                                               ; Off                ; Off                ;
; Extract Verilog State Machines                                   ; On                 ; On                 ;
; Extract VHDL State Machines                                      ; On                 ; On                 ;
; Ignore Verilog initial constructs                                ; Off                ; Off                ;
; Iteration limit for constant Verilog loops                       ; 5000               ; 5000               ;
; Iteration limit for non-constant Verilog loops                   ; 250                ; 250                ;
; Add Pass-Through Logic to Inferred RAMs                          ; On                 ; On                 ;
; Parallel Synthesis                                               ; On                 ; On                 ;
; DSP Block Balancing                                              ; Auto               ; Auto               ;
; NOT Gate Push-Back                                               ; On                 ; On                 ;
; Power-Up Don't Care                                              ; On                 ; On                 ;
; Remove Redundant Logic Cells                                     ; Off                ; Off                ;
; Remove Duplicate Registers                                       ; On                 ; On                 ;
; Ignore CARRY Buffers                                             ; Off                ; Off                ;
; Ignore CASCADE Buffers                                           ; Off                ; Off                ;
; Ignore GLOBAL Buffers                                            ; Off                ; Off                ;
; Ignore ROW GLOBAL Buffers                                        ; Off                ; Off                ;
; Ignore LCELL Buffers                                             ; Off                ; Off                ;
; Ignore SOFT Buffers                                              ; On                 ; On                 ;
; Limit AHDL Integers to 32 Bits                                   ; Off                ; Off                ;
; Optimization Technique                                           ; Balanced           ; Balanced           ;
; Carry Chain Length                                               ; 70                 ; 70                 ;
; Auto Carry Chains                                                ; On                 ; On                 ;
; Auto Open-Drain Pins                                             ; On                 ; On                 ;
; Perform WYSIWYG Primitive Resynthesis                            ; Off                ; Off                ;
; Auto ROM Replacement                                             ; On                 ; On                 ;
; Auto RAM Replacement                                             ; On                 ; On                 ;
; Auto DSP Block Replacement                                       ; On                 ; On                 ;
; Allow Shift Register Merging across Hierarchies                  ; Auto               ; Auto               ;
; Auto Clock Enable Replacement                                    ; On                 ; On                 ;
; Strict RAM Replacement                                           ; Off                ; Off                ;
; Allow Synchronous Control Signals                                ; On                 ; On                 ;
; Force Use of Synchronous Clear Signals                           ; Off                ; Off                ;
; Auto RAM Block Balancing                                         ; On                 ; On                 ;
; Auto RAM to Logic Cell Conversion                                ; Off                ; Off                ;
; Auto Resource Sharing                                            ; Off                ; Off                ;
; Allow Any RAM Size For Recognition                               ; Off                ; Off                ;
; Allow Any ROM Size For Recognition                               ; Off                ; Off                ;
; Allow Any Shift Register Size For Recognition                    ; Off                ; Off                ;
; Ignore translate_off and synthesis_off directives                ; Off                ; Off                ;
; Timing-Driven Synthesis                                          ; On                 ; On                 ;
; Report Parameter Settings                                        ; On                 ; On                 ;
; Report Source Assignments                                        ; On                 ; On                 ;
; Report Connectivity Checks                                       ; On                 ; On                 ;
; Ignore Maximum Fan-Out Assignments                               ; Off                ; Off                ;
; Synchronization Register Chain Length                            ; 2                  ; 2                  ;
; Power Optimization During Synthesis                              ; Normal compilation ; Normal compilation ;
; HDL message level                                                ; Level2             ; Level2             ;
; Suppress Register Optimization Related Messages                  ; Off                ; Off                ;
; Number of Removed Registers Reported in Synthesis Report         ; 5000               ; 5000               ;
; Number of Swept Nodes Reported in Synthesis Report               ; 5000               ; 5000               ;
; Number of Inverted Registers Reported in Synthesis Report        ; 100                ; 100                ;
; Clock MUX Protection                                             ; On                 ; On                 ;
; Auto Gated Clock Conversion                                      ; Off                ; Off                ;
; Block Design Naming                                              ; Auto               ; Auto               ;
; SDC constraint protection                                        ; Off                ; Off                ;
; Synthesis Effort                                                 ; Auto               ; Auto               ;
; Shift Register Replacement - Allow Asynchronous Clear Signal     ; On                 ; On                 ;
; Pre-Mapping Resynthesis Optimization                             ; Off                ; Off                ;
; Analysis & Synthesis Message Level                               ; Medium             ; Medium             ;
; Disable Register Merging Across Hierarchies                      ; Auto               ; Auto               ;
; Resource Aware Inference For Block RAM                           ; On                 ; On                 ;
+------------------------------------------------------------------+--------------------+--------------------+


+------------------------------------------+
; Parallel Compilation                     ;
+----------------------------+-------------+
; Processors                 ; Number      ;
+----------------------------+-------------+
; Number detected on machine ; 8           ;
; Maximum allowed            ; 4           ;
;                            ;             ;
; Average used               ; 1.00        ;
; Maximum used               ; 1           ;
;                            ;             ;
; Usage by Processor         ; % Time Used ;
;     Processor 1            ; 100.0%      ;
+----------------------------+-------------+


+-------------------------------+
; Analysis & Synthesis Messages ;
+-------------------------------+
Info: *******************************************************************
Info: Running Quartus Prime Analysis & Synthesis
    Info: Version 20.1.0 Build 711 06/05/2020 SJ Lite Edition
    Info: Processing started: Thu Jun 03 20:08:23 2021
Info: Command: quartus_map --read_settings_files=on --write_settings_files=off R32V2020 -c R32V2020
Warning (125092): Tcl Script File ../../Components/VGA/Mem_Mapped_XGA/VideoClk_XVGA_1024x768.qip not found
    Info (125063): set_global_assignment -name QIP_FILE ../../Components/VGA/Mem_Mapped_XGA/VideoClk_XVGA_1024x768.qip
Info (20032): Parallel compilation is enabled and will use up to 4 processors
Warning (12019): Can't analyze file -- file ../../Components/R32V2020/R32V2020_Pkg.vhd is missing
Warning (12019): Can't analyze file -- file ../../Components/Timers/Timer_Unit.vhd is missing
Warning (12019): Can't analyze file -- file ../../Components/VGA/Mem_Mapped_XGA/Video_XVGA_64x32.vhd is missing
Warning (12019): Can't analyze file -- file ../../Components/VGA/Mem_Mapped_XGA/Mem_Mapped_XVGA.vhd is missing
Warning (12019): Can't analyze file -- file ../../Components/VGA/Mem_Mapped_XGA/DisplayRam2k.vhd is missing
Warning (12019): Can't analyze file -- file ../../Components/VGA/Mem_Mapped_XGA/CharRom.VHD is missing
Warning (12019): Can't analyze file -- file ../../Components/Seven_Seg_8_Digit/Loadable_7S8D_LED.vhd is missing
Warning (12019): Can't analyze file -- file ../../Components/PS2KB/ps2_keyboard_to_ascii.vhd is missing
Warning (12019): Can't analyze file -- file ../../Components/PS2KB/ps2_keyboard.vhd is missing
Warning (12019): Can't analyze file -- file ../../Components/PS2KB/debounce.vhd is missing
Warning (12019): Can't analyze file -- file ../../Components/R32V2020/top.vhd is missing
Warning (12019): Can't analyze file -- file ../../Components/R32V2020/RegisterFile.vhd is missing
Warning (12019): Can't analyze file -- file ../../Components/R32V2020/R32V2020.vhd is missing
Warning (12019): Can't analyze file -- file ../../Components/R32V2020/OpCodeDecoder.vhd is missing
Warning (12019): Can't analyze file -- file ../../Components/R32V2020/OpCode_Cat_Decoder.vhd is missing
Warning (12019): Can't analyze file -- file ../../Components/R32V2020/OneHotStateMachine.vhd is missing
Warning (12019): Can't analyze file -- file ../../Components/R32V2020/FlowControl.vhd is missing
Warning (12019): Can't analyze file -- file ../../Components/R32V2020/CCRControl.vhd is missing
Warning (12019): Can't analyze file -- file ../../Components/R32V2020/ALU.vhd is missing
Warning (12019): Can't analyze file -- file ../../Components/BlockRam_Data/BlockRam_Data.vhd is missing
Warning (12019): Can't analyze file -- file ../../Components/Registers/REG_8.vhd is missing
Warning (12019): Can't analyze file -- file ../../Components/COUNTER/CounterLoadable.vhd is missing
Warning (12019): Can't analyze file -- file ../../Components/COUNTER/COUNTER_32.vhd is missing
Warning (12019): Can't analyze file -- file ../../Components/COUNTER/Counter.vhd is missing
Warning (12019): Can't analyze file -- file ../../Components/Multiplexers/MUX_16x32.vhd is missing
Warning (12019): Can't analyze file -- file ../../Components/Registers/REG_32_LD_At_Reset.vhd is missing
Warning (12019): Can't analyze file -- file ../../Components/Registers/REG_32_CONSTANT.vhd is missing
Warning (12019): Can't analyze file -- file ../../Components/Registers/REG_32.vhd is missing
Warning (12019): Can't analyze file -- file ../../Components/Registers/REG_1.vhd is missing
Warning (12019): Can't analyze file -- file ../../Components/BlockRom_Instruction/BlockRom_Instruction.vhd is missing
Warning (12019): Can't analyze file -- file ../../Components/BlockRam_Stack/BlockRam_Stack.vhd is missing
Warning (12019): Can't analyze file -- file ../../Components/UART/bufferedUART.vhd is missing
Warning (12019): Can't analyze file -- file ../../Components/PeripheralInterface/PeripheralInterface.vhd is missing
Warning (12019): Can't analyze file -- file ../../Components/Registers/REG_16.vhd is missing
Warning (12019): Can't analyze file -- file ../../Components/Debounce/Debounce.vhd is missing
Error (12007): Top-level design entity "top" is undefined
Error: Quartus Prime Analysis & Synthesis was unsuccessful. 1 error, 36 warnings
    Error: Peak virtual memory: 4711 megabytes
    Error: Processing ended: Thu Jun 03 20:08:36 2021
    Error: Elapsed time: 00:00:13
    Error: Total CPU time (on all processors): 00:00:33


