Analysis & Synthesis report for SSD1306_VHDLImplementation
Wed Jul 08 00:26:19 2015
Quartus II 64-Bit Version 13.1.0 Build 162 10/23/2013 SJ Web Edition


---------------------
; Table of Contents ;
---------------------
  1. Legal Notice
  2. Analysis & Synthesis Summary
  3. Analysis & Synthesis Settings
  4. Parallel Compilation
  5. Analysis & Synthesis Source Files Read
  6. Analysis & Synthesis Resource Usage Summary
  7. Analysis & Synthesis Resource Utilization by Entity
  8. Analysis & Synthesis RAM Summary
  9. Analysis & Synthesis IP Cores Summary
 10. State Machine - |SSD1306_VHDLImplementation|SPI:instS|State
 11. State Machine - |SSD1306_VHDLImplementation|SSD1306:inst2|SPISt
 12. Registers Removed During Synthesis
 13. Removed Registers Triggering Further Register Optimizations
 14. General Register Statistics
 15. Inverted Register Statistics
 16. Multiplexer Restructuring Statistics (Restructuring Performed)
 17. Source assignments for ROM:inst3|altsyncram:altsyncram_component|altsyncram_9mr3:auto_generated
 18. Parameter Settings for User Entity Instance: SPI:instS
 19. Parameter Settings for User Entity Instance: ROM:inst3|altsyncram:altsyncram_component
 20. altsyncram Parameter Settings by Entity Instance
 21. Elapsed Time Per Partition
 22. Analysis & Synthesis Messages



----------------
; Legal Notice ;
----------------
Copyright (C) 1991-2013 Altera Corporation
Your use of Altera Corporation's design tools, logic functions 
and other software and tools, and its AMPP partner logic 
functions, and any output files from any of the foregoing 
(including device programming or simulation files), and any 
associated documentation or information are expressly subject 
to the terms and conditions of the Altera Program License 
Subscription Agreement, Altera MegaCore Function License 
Agreement, or other applicable license agreement, including, 
without limitation, that your use is for the sole purpose of 
programming logic devices manufactured by Altera and sold by 
Altera or its authorized distributors.  Please refer to the 
applicable agreement for further details.



+---------------------------------------------------------------------------------+
; Analysis & Synthesis Summary                                                    ;
+------------------------------------+--------------------------------------------+
; Analysis & Synthesis Status        ; Successful - Wed Jul 08 00:26:19 2015      ;
; Quartus II 64-Bit Version          ; 13.1.0 Build 162 10/23/2013 SJ Web Edition ;
; Revision Name                      ; SSD1306_VHDLImplementation                 ;
; Top-level Entity Name              ; SSD1306_VHDLImplementation                 ;
; Family                             ; Cyclone IV E                               ;
; Total logic elements               ; 102                                        ;
;     Total combinational functions  ; 91                                         ;
;     Dedicated logic registers      ; 54                                         ;
; Total registers                    ; 54                                         ;
; Total pins                         ; 7                                          ;
; Total virtual pins                 ; 0                                          ;
; Total memory bits                  ; 8,192                                      ;
; Embedded Multiplier 9-bit elements ; 0                                          ;
; Total PLLs                         ; 0                                          ;
+------------------------------------+--------------------------------------------+


+--------------------------------------------------------------------------------------------------------------------------------------+
; Analysis & Synthesis Settings                                                                                                        ;
+----------------------------------------------------------------------------+----------------------------+----------------------------+
; Option                                                                     ; Setting                    ; Default Value              ;
+----------------------------------------------------------------------------+----------------------------+----------------------------+
; Device                                                                     ; EP4CE6E22C8                ;                            ;
; Top-level entity name                                                      ; SSD1306_VHDLImplementation ; SSD1306_VHDLImplementation ;
; Family name                                                                ; Cyclone IV E               ; Cyclone IV GX              ;
; Use smart compilation                                                      ; Off                        ; Off                        ;
; Enable parallel Assembler and TimeQuest Timing Analyzer during compilation ; On                         ; On                         ;
; Enable compact report table                                                ; Off                        ; Off                        ;
; Restructure Multiplexers                                                   ; Auto                       ; Auto                       ;
; Create Debugging Nodes for IP Cores                                        ; Off                        ; Off                        ;
; Preserve fewer node names                                                  ; On                         ; On                         ;
; Disable OpenCore Plus hardware evaluation                                  ; Off                        ; Off                        ;
; Verilog Version                                                            ; Verilog_2001               ; Verilog_2001               ;
; VHDL Version                                                               ; VHDL_1993                  ; VHDL_1993                  ;
; State Machine Processing                                                   ; Auto                       ; Auto                       ;
; Safe State Machine                                                         ; Off                        ; Off                        ;
; Extract Verilog State Machines                                             ; On                         ; On                         ;
; Extract VHDL State Machines                                                ; On                         ; On                         ;
; Ignore Verilog initial constructs                                          ; Off                        ; Off                        ;
; Iteration limit for constant Verilog loops                                 ; 5000                       ; 5000                       ;
; Iteration limit for non-constant Verilog loops                             ; 250                        ; 250                        ;
; Add Pass-Through Logic to Inferred RAMs                                    ; On                         ; On                         ;
; Infer RAMs from Raw Logic                                                  ; On                         ; On                         ;
; Parallel Synthesis                                                         ; On                         ; On                         ;
; DSP Block Balancing                                                        ; Auto                       ; Auto                       ;
; NOT Gate Push-Back                                                         ; On                         ; On                         ;
; Power-Up Don't Care                                                        ; On                         ; On                         ;
; Remove Redundant Logic Cells                                               ; Off                        ; Off                        ;
; Remove Duplicate Registers                                                 ; On                         ; On                         ;
; Ignore CARRY Buffers                                                       ; Off                        ; Off                        ;
; Ignore CASCADE Buffers                                                     ; Off                        ; Off                        ;
; Ignore GLOBAL Buffers                                                      ; Off                        ; Off                        ;
; Ignore ROW GLOBAL Buffers                                                  ; Off                        ; Off                        ;
; Ignore LCELL Buffers                                                       ; Off                        ; Off                        ;
; Ignore SOFT Buffers                                                        ; On                         ; On                         ;
; Limit AHDL Integers to 32 Bits                                             ; Off                        ; Off                        ;
; Optimization Technique                                                     ; Balanced                   ; Balanced                   ;
; Carry Chain Length                                                         ; 70                         ; 70                         ;
; Auto Carry Chains                                                          ; On                         ; On                         ;
; Auto Open-Drain Pins                                                       ; On                         ; On                         ;
; Perform WYSIWYG Primitive Resynthesis                                      ; Off                        ; Off                        ;
; Auto ROM Replacement                                                       ; On                         ; On                         ;
; Auto RAM Replacement                                                       ; On                         ; On                         ;
; Auto DSP Block Replacement                                                 ; On                         ; On                         ;
; Auto Shift Register Replacement                                            ; Auto                       ; Auto                       ;
; Allow Shift Register Merging across Hierarchies                            ; Auto                       ; Auto                       ;
; Auto Clock Enable Replacement                                              ; On                         ; On                         ;
; Strict RAM Replacement                                                     ; Off                        ; Off                        ;
; Allow Synchronous Control Signals                                          ; On                         ; On                         ;
; Force Use of Synchronous Clear Signals                                     ; Off                        ; Off                        ;
; Auto RAM Block Balancing                                                   ; On                         ; On                         ;
; Auto RAM to Logic Cell Conversion                                          ; Off                        ; Off                        ;
; Auto Resource Sharing                                                      ; Off                        ; Off                        ;
; Allow Any RAM Size For Recognition                                         ; Off                        ; Off                        ;
; Allow Any ROM Size For Recognition                                         ; Off                        ; Off                        ;
; Allow Any Shift Register Size For Recognition                              ; Off                        ; Off                        ;
; Use LogicLock Constraints during Resource Balancing                        ; On                         ; On                         ;
; Ignore translate_off and synthesis_off directives                          ; Off                        ; Off                        ;
; Timing-Driven Synthesis                                                    ; On                         ; On                         ;
; Report Parameter Settings                                                  ; On                         ; On                         ;
; Report Source Assignments                                                  ; On                         ; On                         ;
; Report Connectivity Checks                                                 ; On                         ; On                         ;
; Ignore Maximum Fan-Out Assignments                                         ; Off                        ; Off                        ;
; Synchronization Register Chain Length                                      ; 2                          ; 2                          ;
; PowerPlay Power Optimization                                               ; Normal compilation         ; Normal compilation         ;
; HDL message level                                                          ; Level2                     ; Level2                     ;
; Suppress Register Optimization Related Messages                            ; Off                        ; Off                        ;
; Number of Removed Registers Reported in Synthesis Report                   ; 5000                       ; 5000                       ;
; Number of Swept Nodes Reported in Synthesis Report                         ; 5000                       ; 5000                       ;
; Number of Inverted Registers Reported in Synthesis Report                  ; 100                        ; 100                        ;
; Clock MUX Protection                                                       ; On                         ; On                         ;
; Auto Gated Clock Conversion                                                ; Off                        ; Off                        ;
; Block Design Naming                                                        ; Auto                       ; Auto                       ;
; SDC constraint protection                                                  ; Off                        ; Off                        ;
; Synthesis Effort                                                           ; Auto                       ; Auto                       ;
; Shift Register Replacement - Allow Asynchronous Clear Signal               ; On                         ; On                         ;
; Pre-Mapping Resynthesis Optimization                                       ; Off                        ; Off                        ;
; Analysis & Synthesis Message Level                                         ; Medium                     ; Medium                     ;
; Disable Register Merging Across Hierarchies                                ; Auto                       ; Auto                       ;
; Resource Aware Inference For Block RAM                                     ; On                         ; On                         ;
; Synthesis Seed                                                             ; 1                          ; 1                          ;
+----------------------------------------------------------------------------+----------------------------+----------------------------+


Parallel compilation was disabled, but you have multiple processors available. Enable parallel compilation to reduce compilation time.
+-------------------------------------+
; Parallel Compilation                ;
+----------------------------+--------+
; Processors                 ; Number ;
+----------------------------+--------+
; Number detected on machine ; 8      ;
; Maximum allowed            ; 1      ;
+----------------------------+--------+


+-------------------------------------------------------------------------------------------------------------------------------------------------------------------------------+
; Analysis & Synthesis Source Files Read                                                                                                                                        ;
+----------------------------------+-----------------+------------------------------------+---------------------------------------------------------------------------+---------+
; File Name with User-Entered Path ; Used in Netlist ; File Type                          ; File Name with Absolute Path                                              ; Library ;
+----------------------------------+-----------------+------------------------------------+---------------------------------------------------------------------------+---------+
; SSD1306_VHDLImplementation.bdf   ; yes             ; User Block Diagram/Schematic File  ; C:/FPGAProjects/SSD1306_VHDLImplementation/SSD1306_VHDLImplementation.bdf ;         ;
; SSD1306.vhd                      ; yes             ; User VHDL File                     ; C:/FPGAProjects/SSD1306_VHDLImplementation/SSD1306.vhd                    ;         ;
; SPI.vhd                          ; yes             ; User VHDL File                     ; C:/FPGAProjects/SSD1306_VHDLImplementation/SPI.vhd                        ;         ;
; ROM.mif                          ; yes             ; User Memory Initialization File    ; C:/FPGAProjects/SSD1306_VHDLImplementation/ROM.mif                        ;         ;
; ROM.vhd                          ; yes             ; User Wizard-Generated File         ; C:/FPGAProjects/SSD1306_VHDLImplementation/ROM.vhd                        ;         ;
; altsyncram.tdf                   ; yes             ; Megafunction                       ; c:/altera/13.1/quartus/libraries/megafunctions/altsyncram.tdf             ;         ;
; stratix_ram_block.inc            ; yes             ; Megafunction                       ; c:/altera/13.1/quartus/libraries/megafunctions/stratix_ram_block.inc      ;         ;
; lpm_mux.inc                      ; yes             ; Megafunction                       ; c:/altera/13.1/quartus/libraries/megafunctions/lpm_mux.inc                ;         ;
; lpm_decode.inc                   ; yes             ; Megafunction                       ; c:/altera/13.1/quartus/libraries/megafunctions/lpm_decode.inc             ;         ;
; aglobal131.inc                   ; yes             ; Megafunction                       ; c:/altera/13.1/quartus/libraries/megafunctions/aglobal131.inc             ;         ;
; a_rdenreg.inc                    ; yes             ; Megafunction                       ; c:/altera/13.1/quartus/libraries/megafunctions/a_rdenreg.inc              ;         ;
; altrom.inc                       ; yes             ; Megafunction                       ; c:/altera/13.1/quartus/libraries/megafunctions/altrom.inc                 ;         ;
; altram.inc                       ; yes             ; Megafunction                       ; c:/altera/13.1/quartus/libraries/megafunctions/altram.inc                 ;         ;
; altdpram.inc                     ; yes             ; Megafunction                       ; c:/altera/13.1/quartus/libraries/megafunctions/altdpram.inc               ;         ;
; db/altsyncram_9mr3.tdf           ; yes             ; Auto-Generated Megafunction        ; C:/FPGAProjects/SSD1306_VHDLImplementation/db/altsyncram_9mr3.tdf         ;         ;
+----------------------------------+-----------------+------------------------------------+---------------------------------------------------------------------------+---------+


+----------------------------------------------------------+
; Analysis & Synthesis Resource Usage Summary              ;
+---------------------------------------------+------------+
; Resource                                    ; Usage      ;
+---------------------------------------------+------------+
; Estimated Total logic elements              ; 102        ;
;                                             ;            ;
; Total combinational functions               ; 91         ;
; Logic element usage by number of LUT inputs ;            ;
;     -- 4 input functions                    ; 40         ;
;     -- 3 input functions                    ; 26         ;
;     -- <=2 input functions                  ; 25         ;
;                                             ;            ;
; Logic elements by mode                      ;            ;
;     -- normal mode                          ; 75         ;
;     -- arithmetic mode                      ; 16         ;
;                                             ;            ;
; Total registers                             ; 54         ;
;     -- Dedicated logic registers            ; 54         ;
;     -- I/O registers                        ; 0          ;
;                                             ;            ;
; I/O pins                                    ; 7          ;
; Total memory bits                           ; 8192       ;
; Embedded Multiplier 9-bit elements          ; 0          ;
; Maximum fan-out node                        ; CLKI~input ;
; Maximum fan-out                             ; 62         ;
; Total fan-out                               ; 579        ;
; Average fan-out                             ; 3.47       ;
+---------------------------------------------+------------+


+-----------------------------------------------------------------------------------------------------------------------------------------------------------------------------------------------------------------------------------------------------------------------------+
; Analysis & Synthesis Resource Utilization by Entity                                                                                                                                                                                                                         ;
+-------------------------------------------+-------------------+--------------+-------------+--------------+---------+-----------+------+--------------+------------------------------------------------------------------------------------------------------+--------------+
; Compilation Hierarchy Node                ; LC Combinationals ; LC Registers ; Memory Bits ; DSP Elements ; DSP 9x9 ; DSP 18x18 ; Pins ; Virtual Pins ; Full Hierarchy Name                                                                                  ; Library Name ;
+-------------------------------------------+-------------------+--------------+-------------+--------------+---------+-----------+------+--------------+------------------------------------------------------------------------------------------------------+--------------+
; |SSD1306_VHDLImplementation               ; 91 (0)            ; 54 (0)       ; 8192        ; 0            ; 0       ; 0         ; 7    ; 0            ; |SSD1306_VHDLImplementation                                                                          ; work         ;
;    |ROM:inst3|                            ; 0 (0)             ; 0 (0)        ; 8192        ; 0            ; 0       ; 0         ; 0    ; 0            ; |SSD1306_VHDLImplementation|ROM:inst3                                                                ; work         ;
;       |altsyncram:altsyncram_component|   ; 0 (0)             ; 0 (0)        ; 8192        ; 0            ; 0       ; 0         ; 0    ; 0            ; |SSD1306_VHDLImplementation|ROM:inst3|altsyncram:altsyncram_component                                ; work         ;
;          |altsyncram_9mr3:auto_generated| ; 0 (0)             ; 0 (0)        ; 8192        ; 0            ; 0       ; 0         ; 0    ; 0            ; |SSD1306_VHDLImplementation|ROM:inst3|altsyncram:altsyncram_component|altsyncram_9mr3:auto_generated ; work         ;
;    |SPI:instS|                            ; 33 (33)           ; 23 (23)      ; 0           ; 0            ; 0       ; 0         ; 0    ; 0            ; |SSD1306_VHDLImplementation|SPI:instS                                                                ; work         ;
;    |SSD1306:inst2|                        ; 58 (58)           ; 31 (31)      ; 0           ; 0            ; 0       ; 0         ; 0    ; 0            ; |SSD1306_VHDLImplementation|SSD1306:inst2                                                            ; work         ;
+-------------------------------------------+-------------------+--------------+-------------+--------------+---------+-----------+------+--------------+------------------------------------------------------------------------------------------------------+--------------+
Note: For table entries with two numbers listed, the numbers in parentheses indicate the number of resources of the given type used by the specific entity alone. The numbers listed outside of parentheses indicate the total resources of the given type used by the specific entity and all of its sub-entities in the hierarchy.


+--------------------------------------------------------------------------------------------------------------------------------------------------------------------------------+
; Analysis & Synthesis RAM Summary                                                                                                                                               ;
+-------------------------------------------------------------------------------------+------+------+--------------+--------------+--------------+--------------+------+---------+
; Name                                                                                ; Type ; Mode ; Port A Depth ; Port A Width ; Port B Depth ; Port B Width ; Size ; MIF     ;
+-------------------------------------------------------------------------------------+------+------+--------------+--------------+--------------+--------------+------+---------+
; ROM:inst3|altsyncram:altsyncram_component|altsyncram_9mr3:auto_generated|ALTSYNCRAM ; AUTO ; ROM  ; 1024         ; 8            ; --           ; --           ; 8192 ; ROM.mif ;
+-------------------------------------------------------------------------------------+------+------+--------------+--------------+--------------+--------------+------+---------+


+------------------------------------------------------------------------------------------------------------------------------------------------------------+
; Analysis & Synthesis IP Cores Summary                                                                                                                      ;
+--------+--------------+---------+--------------+--------------+---------------------------------------+----------------------------------------------------+
; Vendor ; IP Core Name ; Version ; Release Date ; License Type ; Entity Instance                       ; IP Include File                                    ;
+--------+--------------+---------+--------------+--------------+---------------------------------------+----------------------------------------------------+
; Altera ; ROM: 1-PORT  ; 13.1    ; N/A          ; N/A          ; |SSD1306_VHDLImplementation|ROM:inst3 ; C:/FPGAProjects/SSD1306_VHDLImplementation/ROM.vhd ;
+--------+--------------+---------+--------------+--------------+---------------------------------------+----------------------------------------------------+


Encoding Type:  One-Hot
+-------------------------------------------------------------+
; State Machine - |SSD1306_VHDLImplementation|SPI:instS|State ;
+--------------+--------------+-------------+-----------------+
; Name         ; State.DShift ; State.CSLow ; State.CSHigh    ;
+--------------+--------------+-------------+-----------------+
; State.CSHigh ; 0            ; 0           ; 0               ;
; State.CSLow  ; 0            ; 1           ; 1               ;
; State.DShift ; 1            ; 0           ; 1               ;
+--------------+--------------+-------------+-----------------+


Encoding Type:  One-Hot
+----------------------------------------------------------------------------------+
; State Machine - |SSD1306_VHDLImplementation|SSD1306:inst2|SPISt                  ;
+-----------------+-----------------+---------------+-----------------+------------+
; Name            ; SPISt.BusyWaitA ; SPISt.Writing ; SPISt.BusyWaitB ; SPISt.Done ;
+-----------------+-----------------+---------------+-----------------+------------+
; SPISt.Done      ; 0               ; 0             ; 0               ; 0          ;
; SPISt.BusyWaitB ; 0               ; 0             ; 1               ; 1          ;
; SPISt.Writing   ; 0               ; 1             ; 0               ; 1          ;
; SPISt.BusyWaitA ; 1               ; 0             ; 0               ; 1          ;
+-----------------+-----------------+---------------+-----------------+------------+


+------------------------------------------------------------+
; Registers Removed During Synthesis                         ;
+---------------------------------------+--------------------+
; Register name                         ; Reason for Removal ;
+---------------------------------------+--------------------+
; SSD1306:inst2|SPISt.BusyWaitB         ; Lost fanout        ;
; SSD1306:inst2|SPISt.Writing           ; Lost fanout        ;
; SPI:instS|Presc[1..7]                 ; Lost fanout        ;
; Total Number of Removed Registers = 9 ;                    ;
+---------------------------------------+--------------------+


+---------------------------------------------------------------------------------------------------------------------------+
; Removed Registers Triggering Further Register Optimizations                                                               ;
+--------------------+--------------------+---------------------------------------------------------------------------------+
; Register name      ; Reason for Removal ; Registers Removed due to This Register                                          ;
+--------------------+--------------------+---------------------------------------------------------------------------------+
; SPI:instS|Presc[7] ; Lost Fanouts       ; SPI:instS|Presc[6], SPI:instS|Presc[5], SPI:instS|Presc[4], SPI:instS|Presc[3], ;
;                    ;                    ; SPI:instS|Presc[2], SPI:instS|Presc[1]                                          ;
+--------------------+--------------------+---------------------------------------------------------------------------------+


+------------------------------------------------------+
; General Register Statistics                          ;
+----------------------------------------------+-------+
; Statistic                                    ; Value ;
+----------------------------------------------+-------+
; Total registers                              ; 54    ;
; Number of registers using Synchronous Clear  ; 8     ;
; Number of registers using Synchronous Load   ; 8     ;
; Number of registers using Asynchronous Clear ; 18    ;
; Number of registers using Asynchronous Load  ; 0     ;
; Number of registers using Clock Enable       ; 45    ;
; Number of registers using Preset             ; 0     ;
+----------------------------------------------+-------+


+--------------------------------------------------+
; Inverted Register Statistics                     ;
+----------------------------------------+---------+
; Inverted Register                      ; Fan out ;
+----------------------------------------+---------+
; SPI:instS|CS                           ; 2       ;
; SPI:instS|DCnt[3]                      ; 3       ;
; Total number of inverted registers = 2 ;         ;
+----------------------------------------+---------+


+-------------------------------------------------------------------------------------------------------------------------------------------------------------------+
; Multiplexer Restructuring Statistics (Restructuring Performed)                                                                                                    ;
+--------------------+-----------+---------------+----------------------+------------------------+------------+-----------------------------------------------------+
; Multiplexer Inputs ; Bus Width ; Baseline Area ; Area if Restructured ; Saving if Restructured ; Registered ; Example Multiplexer Output                          ;
+--------------------+-----------+---------------+----------------------+------------------------+------------+-----------------------------------------------------+
; 4:1                ; 8 bits    ; 16 LEs        ; 8 LEs                ; 8 LEs                  ; Yes        ; |SSD1306_VHDLImplementation|SSD1306:inst2|PDO[0]    ;
; 8:1                ; 8 bits    ; 40 LEs        ; 8 LEs                ; 32 LEs                 ; Yes        ; |SSD1306_VHDLImplementation|SSD1306:inst2|PInstr[7] ;
; 5:1                ; 3 bits    ; 9 LEs         ; 6 LEs                ; 3 LEs                  ; No         ; |SSD1306_VHDLImplementation|SSD1306:inst2|SPISt     ;
+--------------------+-----------+---------------+----------------------+------------------------+------------+-----------------------------------------------------+


+-------------------------------------------------------------------------------------------------+
; Source assignments for ROM:inst3|altsyncram:altsyncram_component|altsyncram_9mr3:auto_generated ;
+---------------------------------+--------------------+------+-----------------------------------+
; Assignment                      ; Value              ; From ; To                                ;
+---------------------------------+--------------------+------+-----------------------------------+
; OPTIMIZE_POWER_DURING_SYNTHESIS ; NORMAL_COMPILATION ; -    ; -                                 ;
+---------------------------------+--------------------+------+-----------------------------------+


+--------------------------------------------------------+
; Parameter Settings for User Entity Instance: SPI:instS ;
+----------------+-------+-------------------------------+
; Parameter Name ; Value ; Type                          ;
+----------------+-------+-------------------------------+
; bitwidth       ; 8     ; Signed Integer                ;
; prescaler      ; 0     ; Signed Integer                ;
; master         ; '1'   ; Enumerated                    ;
; cpha           ; '1'   ; Enumerated                    ;
; cpol           ; '0'   ; Enumerated                    ;
+----------------+-------+-------------------------------+
Note: In order to hide this table in the UI and the text report file, please set the "Show Parameter Settings in Synthesis Report" option in "Analysis and Synthesis Settings -> More Settings" to "Off".


+----------------------------------------------------------------------------------------+
; Parameter Settings for User Entity Instance: ROM:inst3|altsyncram:altsyncram_component ;
+------------------------------------+----------------------+----------------------------+
; Parameter Name                     ; Value                ; Type                       ;
+------------------------------------+----------------------+----------------------------+
; BYTE_SIZE_BLOCK                    ; 8                    ; Untyped                    ;
; AUTO_CARRY_CHAINS                  ; ON                   ; AUTO_CARRY                 ;
; IGNORE_CARRY_BUFFERS               ; OFF                  ; IGNORE_CARRY               ;
; AUTO_CASCADE_CHAINS                ; ON                   ; AUTO_CASCADE               ;
; IGNORE_CASCADE_BUFFERS             ; OFF                  ; IGNORE_CASCADE             ;
; WIDTH_BYTEENA                      ; 1                    ; Untyped                    ;
; OPERATION_MODE                     ; ROM                  ; Untyped                    ;
; WIDTH_A                            ; 8                    ; Signed Integer             ;
; WIDTHAD_A                          ; 10                   ; Signed Integer             ;
; NUMWORDS_A                         ; 1024                 ; Signed Integer             ;
; OUTDATA_REG_A                      ; UNREGISTERED         ; Untyped                    ;
; ADDRESS_ACLR_A                     ; NONE                 ; Untyped                    ;
; OUTDATA_ACLR_A                     ; NONE                 ; Untyped                    ;
; WRCONTROL_ACLR_A                   ; NONE                 ; Untyped                    ;
; INDATA_ACLR_A                      ; NONE                 ; Untyped                    ;
; BYTEENA_ACLR_A                     ; NONE                 ; Untyped                    ;
; WIDTH_B                            ; 1                    ; Signed Integer             ;
; WIDTHAD_B                          ; 1                    ; Signed Integer             ;
; NUMWORDS_B                         ; 0                    ; Signed Integer             ;
; INDATA_REG_B                       ; CLOCK1               ; Untyped                    ;
; WRCONTROL_WRADDRESS_REG_B          ; CLOCK1               ; Untyped                    ;
; RDCONTROL_REG_B                    ; CLOCK1               ; Untyped                    ;
; ADDRESS_REG_B                      ; CLOCK1               ; Untyped                    ;
; OUTDATA_REG_B                      ; UNREGISTERED         ; Untyped                    ;
; BYTEENA_REG_B                      ; CLOCK1               ; Untyped                    ;
; INDATA_ACLR_B                      ; NONE                 ; Untyped                    ;
; WRCONTROL_ACLR_B                   ; NONE                 ; Untyped                    ;
; ADDRESS_ACLR_B                     ; NONE                 ; Untyped                    ;
; OUTDATA_ACLR_B                     ; NONE                 ; Untyped                    ;
; RDCONTROL_ACLR_B                   ; NONE                 ; Untyped                    ;
; BYTEENA_ACLR_B                     ; NONE                 ; Untyped                    ;
; WIDTH_BYTEENA_A                    ; 1                    ; Signed Integer             ;
; WIDTH_BYTEENA_B                    ; 1                    ; Signed Integer             ;
; RAM_BLOCK_TYPE                     ; AUTO                 ; Untyped                    ;
; BYTE_SIZE                          ; 8                    ; Signed Integer             ;
; READ_DURING_WRITE_MODE_MIXED_PORTS ; DONT_CARE            ; Untyped                    ;
; READ_DURING_WRITE_MODE_PORT_A      ; NEW_DATA_NO_NBE_READ ; Untyped                    ;
; READ_DURING_WRITE_MODE_PORT_B      ; NEW_DATA_NO_NBE_READ ; Untyped                    ;
; INIT_FILE                          ; ROM.mif              ; Untyped                    ;
; INIT_FILE_LAYOUT                   ; PORT_A               ; Untyped                    ;
; MAXIMUM_DEPTH                      ; 0                    ; Signed Integer             ;
; CLOCK_ENABLE_INPUT_A               ; BYPASS               ; Untyped                    ;
; CLOCK_ENABLE_INPUT_B               ; NORMAL               ; Untyped                    ;
; CLOCK_ENABLE_OUTPUT_A              ; BYPASS               ; Untyped                    ;
; CLOCK_ENABLE_OUTPUT_B              ; NORMAL               ; Untyped                    ;
; CLOCK_ENABLE_CORE_A                ; USE_INPUT_CLKEN      ; Untyped                    ;
; CLOCK_ENABLE_CORE_B                ; USE_INPUT_CLKEN      ; Untyped                    ;
; ENABLE_ECC                         ; FALSE                ; Untyped                    ;
; ECC_PIPELINE_STAGE_ENABLED         ; FALSE                ; Untyped                    ;
; WIDTH_ECCSTATUS                    ; 3                    ; Signed Integer             ;
; DEVICE_FAMILY                      ; Cyclone IV E         ; Untyped                    ;
; CBXI_PARAMETER                     ; altsyncram_9mr3      ; Untyped                    ;
+------------------------------------+----------------------+----------------------------+
Note: In order to hide this table in the UI and the text report file, please set the "Show Parameter Settings in Synthesis Report" option in "Analysis and Synthesis Settings -> More Settings" to "Off".


+---------------------------------------------------------------------------------------+
; altsyncram Parameter Settings by Entity Instance                                      ;
+-------------------------------------------+-------------------------------------------+
; Name                                      ; Value                                     ;
+-------------------------------------------+-------------------------------------------+
; Number of entity instances                ; 1                                         ;
; Entity Instance                           ; ROM:inst3|altsyncram:altsyncram_component ;
;     -- OPERATION_MODE                     ; ROM                                       ;
;     -- WIDTH_A                            ; 8                                         ;
;     -- NUMWORDS_A                         ; 1024                                      ;
;     -- OUTDATA_REG_A                      ; UNREGISTERED                              ;
;     -- WIDTH_B                            ; 1                                         ;
;     -- NUMWORDS_B                         ; 0                                         ;
;     -- ADDRESS_REG_B                      ; CLOCK1                                    ;
;     -- OUTDATA_REG_B                      ; UNREGISTERED                              ;
;     -- RAM_BLOCK_TYPE                     ; AUTO                                      ;
;     -- READ_DURING_WRITE_MODE_MIXED_PORTS ; DONT_CARE                                 ;
+-------------------------------------------+-------------------------------------------+


+-------------------------------+
; Elapsed Time Per Partition    ;
+----------------+--------------+
; Partition Name ; Elapsed Time ;
+----------------+--------------+
; Top            ; 00:00:00     ;
+----------------+--------------+


+-------------------------------+
; Analysis & Synthesis Messages ;
+-------------------------------+
Info: *******************************************************************
Info: Running Quartus II 64-Bit Analysis & Synthesis
    Info: Version 13.1.0 Build 162 10/23/2013 SJ Web Edition
    Info: Processing started: Wed Jul 08 00:26:16 2015
Info: Command: quartus_map --read_settings_files=on --write_settings_files=off SSD1306_VHDLImplementation -c SSD1306_VHDLImplementation
Warning (20028): Parallel compilation is not licensed and has been disabled
Info (12021): Found 1 design units, including 1 entities, in source file ssd1306_vhdlimplementation.bdf
    Info (12023): Found entity 1: SSD1306_VHDLImplementation
Info (12021): Found 2 design units, including 1 entities, in source file ssd1306.vhd
    Info (12022): Found design unit 1: SSD1306-Ar
    Info (12023): Found entity 1: SSD1306
Info (12021): Found 2 design units, including 1 entities, in source file spi.vhd
    Info (12022): Found design unit 1: SPI-A
    Info (12023): Found entity 1: SPI
Info (12021): Found 2 design units, including 1 entities, in source file rom.vhd
    Info (12022): Found design unit 1: rom-SYN
    Info (12023): Found entity 1: ROM
Info (12127): Elaborating entity "SSD1306_VHDLImplementation" for the top level hierarchy
Info (12128): Elaborating entity "SSD1306" for hierarchy "SSD1306:inst2"
Warning (10492): VHDL Process Statement warning at SSD1306.vhd(31): signal "MemAddr" is read inside the Process Statement but isn't in the Process Statement's sensitivity list
Info (12128): Elaborating entity "SPI" for hierarchy "SPI:instS"
Warning (10037): Verilog HDL or VHDL warning at SPI.vhd(57): conditional expression evaluates to a constant
Info (12128): Elaborating entity "ROM" for hierarchy "ROM:inst3"
Info (12128): Elaborating entity "altsyncram" for hierarchy "ROM:inst3|altsyncram:altsyncram_component"
Info (12130): Elaborated megafunction instantiation "ROM:inst3|altsyncram:altsyncram_component"
Info (12133): Instantiated megafunction "ROM:inst3|altsyncram:altsyncram_component" with the following parameter:
    Info (12134): Parameter "address_aclr_a" = "NONE"
    Info (12134): Parameter "address_aclr_b" = "NONE"
    Info (12134): Parameter "address_reg_b" = "CLOCK1"
    Info (12134): Parameter "byte_size" = "8"
    Info (12134): Parameter "byteena_aclr_a" = "UNUSED"
    Info (12134): Parameter "byteena_aclr_b" = "NONE"
    Info (12134): Parameter "byteena_reg_b" = "CLOCK1"
    Info (12134): Parameter "clock_enable_core_a" = "USE_INPUT_CLKEN"
    Info (12134): Parameter "clock_enable_core_b" = "USE_INPUT_CLKEN"
    Info (12134): Parameter "clock_enable_input_a" = "BYPASS"
    Info (12134): Parameter "clock_enable_input_b" = "NORMAL"
    Info (12134): Parameter "clock_enable_output_a" = "BYPASS"
    Info (12134): Parameter "clock_enable_output_b" = "NORMAL"
    Info (12134): Parameter "intended_device_family" = "Cyclone IV E"
    Info (12134): Parameter "ecc_pipeline_stage_enabled" = "FALSE"
    Info (12134): Parameter "enable_ecc" = "FALSE"
    Info (12134): Parameter "implement_in_les" = "OFF"
    Info (12134): Parameter "indata_aclr_a" = "UNUSED"
    Info (12134): Parameter "indata_aclr_b" = "NONE"
    Info (12134): Parameter "indata_reg_b" = "CLOCK1"
    Info (12134): Parameter "init_file" = "ROM.mif"
    Info (12134): Parameter "init_file_layout" = "PORT_A"
    Info (12134): Parameter "maximum_depth" = "0"
    Info (12134): Parameter "numwords_a" = "1024"
    Info (12134): Parameter "numwords_b" = "0"
    Info (12134): Parameter "operation_mode" = "ROM"
    Info (12134): Parameter "outdata_aclr_a" = "NONE"
    Info (12134): Parameter "outdata_aclr_b" = "NONE"
    Info (12134): Parameter "outdata_reg_a" = "UNREGISTERED"
    Info (12134): Parameter "outdata_reg_b" = "UNREGISTERED"
    Info (12134): Parameter "power_up_uninitialized" = "FALSE"
    Info (12134): Parameter "ram_block_type" = "AUTO"
    Info (12134): Parameter "rdcontrol_aclr_b" = "NONE"
    Info (12134): Parameter "rdcontrol_reg_b" = "CLOCK1"
    Info (12134): Parameter "read_during_write_mode_mixed_ports" = "DONT_CARE"
    Info (12134): Parameter "read_during_write_mode_port_a" = "NEW_DATA_NO_NBE_READ"
    Info (12134): Parameter "read_during_write_mode_port_b" = "NEW_DATA_NO_NBE_READ"
    Info (12134): Parameter "stratixiv_m144k_allow_dual_clocks" = "ON"
    Info (12134): Parameter "width_a" = "8"
    Info (12134): Parameter "width_b" = "1"
    Info (12134): Parameter "width_byteena_a" = "1"
    Info (12134): Parameter "width_byteena_b" = "1"
    Info (12134): Parameter "width_eccstatus" = "3"
    Info (12134): Parameter "widthad_a" = "10"
    Info (12134): Parameter "widthad_b" = "1"
    Info (12134): Parameter "wrcontrol_aclr_a" = "UNUSED"
    Info (12134): Parameter "wrcontrol_aclr_b" = "NONE"
    Info (12134): Parameter "wrcontrol_wraddress_reg_b" = "CLOCK1"
    Info (12134): Parameter "lpm_hint" = "ENABLE_RUNTIME_MOD=NO"
    Info (12134): Parameter "lpm_type" = "altsyncram"
Info (12021): Found 1 design units, including 1 entities, in source file db/altsyncram_9mr3.tdf
    Info (12023): Found entity 1: altsyncram_9mr3
Info (12128): Elaborating entity "altsyncram_9mr3" for hierarchy "ROM:inst3|altsyncram:altsyncram_component|altsyncram_9mr3:auto_generated"
Info (276014): Found 1 instances of uninferred RAM logic
    Info (276004): RAM logic "SSD1306:inst2|Instrs" is uninferred due to inappropriate RAM size
Warning (113028): 5 out of 32 addresses are uninitialized. The Quartus II software will initialize them to "0". There are 1 warnings found, and 1 warnings are reported.
    Warning (113027): Addresses ranging from 27 to 31 are not initialized
Info (13000): Registers with preset signals will power-up high
Info (13003): DEV_CLRn pin will set, and not reset, register with preset signal due to NOT Gate Push-Back
Info (286030): Timing-Driven Synthesis is running
Info (17049): 9 registers lost all their fanouts during netlist optimizations.
Info (16010): Generating hard_block partition "hard_block:auto_generated_inst"
    Info (16011): Adding 0 node(s), including 0 DDIO, 0 PLL, 0 transceiver and 0 LCELL
Info (21057): Implemented 117 device resources after synthesis - the final resource count might be different
    Info (21058): Implemented 2 input pins
    Info (21059): Implemented 5 output pins
    Info (21061): Implemented 102 logic cells
    Info (21064): Implemented 8 RAM segments
Info: Quartus II 64-Bit Analysis & Synthesis was successful. 0 errors, 5 warnings
    Info: Peak virtual memory: 529 megabytes
    Info: Processing ended: Wed Jul 08 00:26:19 2015
    Info: Elapsed time: 00:00:03
    Info: Total CPU time (on all processors): 00:00:03


