Assembler report for R32V2020
Fri Jul 19 13:14:46 2019
Quartus Prime Version 18.1.0 Build 625 09/12/2018 SJ Lite Edition


---------------------
; Table of Contents ;
---------------------
  1. Legal Notice
  2. Assembler Summary
  3. Assembler Settings
  4. Assembler Encrypted IP Cores Summary
  5. Assembler Generated Files
  6. Assembler Device Options: C:/Users/HPz420/Documents/GitHub/R32V2020/VHDL/Top_Level_Builds/R32V2020_Build_V002_A4_CE6/output_files/R32V2020.sof
  7. Assembler Messages



----------------
; Legal Notice ;
----------------
Copyright (C) 2018  Intel Corporation. All rights reserved.
Your use of Intel Corporation's design tools, logic functions 
and other software and tools, and its AMPP partner logic 
functions, and any output files from any of the foregoing 
(including device programming or simulation files), and any 
associated documentation or information are expressly subject 
to the terms and conditions of the Intel Program License 
Subscription Agreement, the Intel Quartus Prime License Agreement,
the Intel FPGA IP License Agreement, or other applicable license
agreement, including, without limitation, that your use is for
the sole purpose of programming logic devices manufactured by
Intel and sold by Intel or its authorized distributors.  Please
refer to the applicable agreement for further details.



+---------------------------------------------------------------+
; Assembler Summary                                             ;
+-----------------------+---------------------------------------+
; Assembler Status      ; Successful - Fri Jul 19 13:14:45 2019 ;
; Revision Name         ; R32V2020                              ;
; Top-level Entity Name ; top                                   ;
; Family                ; Cyclone IV E                          ;
; Device                ; EP4CE6E22C6                           ;
+-----------------------+---------------------------------------+


+----------------------------------+
; Assembler Settings               ;
+--------+---------+---------------+
; Option ; Setting ; Default Value ;
+--------+---------+---------------+


+------------------------------------------------+
; Assembler Encrypted IP Cores Summary           ;
+--------+------------------------+--------------+
; Vendor ; IP Core Name           ; License Type ;
+--------+------------------------+--------------+
; Altera ; Signal Tap (6AF7 BCE1) ; Licensed     ;
; Altera ; Signal Tap (6AF7 BCEC) ; Licensed     ;
+--------+------------------------+--------------+


+----------------------------------------------------------------------------------------------------------------------+
; Assembler Generated Files                                                                                            ;
+----------------------------------------------------------------------------------------------------------------------+
; File Name                                                                                                            ;
+----------------------------------------------------------------------------------------------------------------------+
; C:/Users/HPz420/Documents/GitHub/R32V2020/VHDL/Top_Level_Builds/R32V2020_Build_V002_A4_CE6/output_files/R32V2020.sof ;
+----------------------------------------------------------------------------------------------------------------------+


+------------------------------------------------------------------------------------------------------------------------------------------------+
; Assembler Device Options: C:/Users/HPz420/Documents/GitHub/R32V2020/VHDL/Top_Level_Builds/R32V2020_Build_V002_A4_CE6/output_files/R32V2020.sof ;
+----------------+-------------------------------------------------------------------------------------------------------------------------------+
; Option         ; Setting                                                                                                                       ;
+----------------+-------------------------------------------------------------------------------------------------------------------------------+
; JTAG usercode  ; 0x0037E8F7                                                                                                                    ;
; Checksum       ; 0x0037E8F7                                                                                                                    ;
+----------------+-------------------------------------------------------------------------------------------------------------------------------+


+--------------------+
; Assembler Messages ;
+--------------------+
Info: *******************************************************************
Info: Running Quartus Prime Assembler
    Info: Version 18.1.0 Build 625 09/12/2018 SJ Lite Edition
    Info: Processing started: Fri Jul 19 13:14:41 2019
Info: Command: quartus_asm --read_settings_files=off --write_settings_files=off R32V2020 -c R32V2020
Info (115031): Writing out detailed assembly data for power analysis
Info (115030): Assembler is generating device programming files
Info: Quartus Prime Assembler was successful. 0 errors, 0 warnings
    Info: Peak virtual memory: 4703 megabytes
    Info: Processing ended: Fri Jul 19 13:14:46 2019
    Info: Elapsed time: 00:00:05
    Info: Total CPU time (on all processors): 00:00:04


