Flow report for R32V2020
Fri Jul 05 17:21:22 2019
Quartus Prime Version 18.1.0 Build 625 09/12/2018 SJ Lite Edition


---------------------
; Table of Contents ;
---------------------
  1. Legal Notice
  2. Flow Summary
  3. Flow Settings
  4. Flow Non-Default Global Settings
  5. Flow Elapsed Time
  6. Flow OS Summary
  7. Flow Log
  8. Flow Messages
  9. Flow Suppressed Messages



----------------
; Legal Notice ;
----------------
Copyright (C) 2018  Intel Corporation. All rights reserved.
Your use of Intel Corporation's design tools, logic functions 
and other software and tools, and its AMPP partner logic 
functions, and any output files from any of the foregoing 
(including device programming or simulation files), and any 
associated documentation or information are expressly subject 
to the terms and conditions of the Intel Program License 
Subscription Agreement, the Intel Quartus Prime License Agreement,
the Intel FPGA IP License Agreement, or other applicable license
agreement, including, without limitation, that your use is for
the sole purpose of programming logic devices manufactured by
Intel and sold by Intel or its authorized distributors.  Please
refer to the applicable agreement for further details.



+----------------------------------------------------------------------------------+
; Flow Summary                                                                     ;
+------------------------------------+---------------------------------------------+
; Flow Status                        ; Successful - Fri Jul 05 17:21:22 2019       ;
; Quartus Prime Version              ; 18.1.0 Build 625 09/12/2018 SJ Lite Edition ;
; Revision Name                      ; R32V2020                                    ;
; Top-level Entity Name              ; top                                         ;
; Family                             ; Cyclone IV E                                ;
; Device                             ; EP4CE6E22C6                                 ;
; Timing Models                      ; Final                                       ;
; Total logic elements               ; 4,418 / 6,272 ( 70 % )                      ;
;     Total combinational functions  ; 4,250 / 6,272 ( 68 % )                      ;
;     Dedicated logic registers      ; 1,429 / 6,272 ( 23 % )                      ;
; Total registers                    ; 1429                                        ;
; Total pins                         ; 62 / 92 ( 67 % )                            ;
; Total virtual pins                 ; 0                                           ;
; Total memory bits                  ; 90,240 / 276,480 ( 33 % )                   ;
; Embedded Multiplier 9-bit elements ; 8 / 30 ( 27 % )                             ;
; Total PLLs                         ; 0 / 2 ( 0 % )                               ;
+------------------------------------+---------------------------------------------+


+-----------------------------------------+
; Flow Settings                           ;
+-------------------+---------------------+
; Option            ; Setting             ;
+-------------------+---------------------+
; Start date & time ; 07/05/2019 08:52:10 ;
; Main task         ; Compilation         ;
; Revision Name     ; R32V2020            ;
+-------------------+---------------------+


+-------------------------------------------------------------------------------------------------------------------------------------------------+
; Flow Non-Default Global Settings                                                                                                                ;
+-------------------------------------+----------------------------------------------------------------+---------------+-------------+------------+
; Assignment Name                     ; Value                                                          ; Default Value ; Entity Name ; Section Id ;
+-------------------------------------+----------------------------------------------------------------+---------------+-------------+------------+
; AUTO_SHIFT_REGISTER_RECOGNITION     ; Always                                                         ; Auto          ; --          ; --         ;
; COMPILER_SIGNATURE_ID               ; 198690285320223.156233113016256                                ; --            ; --          ; --         ;
; ENABLE_SIGNALTAP                    ; Off                                                            ; --            ; --          ; --         ;
; INFER_RAMS_FROM_RAW_LOGIC           ; Off                                                            ; On            ; --          ; --         ;
; MAX_CORE_JUNCTION_TEMP              ; 85                                                             ; --            ; --          ; --         ;
; MIN_CORE_JUNCTION_TEMP              ; 0                                                              ; --            ; --          ; --         ;
; MISC_FILE                           ; ../../Components/VGA/Mem_Mapped_XGA/VideoClk_XVGA_1024x768.cmp ; --            ; --          ; --         ;
; MISC_FILE                           ; ../../Components/VGA/Mem_Mapped_XGA/VideoClk_XVGA_1024x768.ppf ; --            ; --          ; --         ;
; NUM_PARALLEL_PROCESSORS             ; 4                                                              ; --            ; --          ; --         ;
; OUTPUT_IO_TIMING_FAR_END_VMEAS      ; Half Signal Swing                                              ; --            ; --          ; --         ;
; OUTPUT_IO_TIMING_FAR_END_VMEAS      ; Half Signal Swing                                              ; --            ; --          ; --         ;
; OUTPUT_IO_TIMING_NEAR_END_VMEAS     ; Half Vccio                                                     ; --            ; --          ; --         ;
; OUTPUT_IO_TIMING_NEAR_END_VMEAS     ; Half Vccio                                                     ; --            ; --          ; --         ;
; PARTITION_COLOR                     ; -- (Not supported for targeted family)                         ; --            ; top         ; Top        ;
; PARTITION_FITTER_PRESERVATION_LEVEL ; -- (Not supported for targeted family)                         ; --            ; top         ; Top        ;
; PARTITION_NETLIST_TYPE              ; -- (Not supported for targeted family)                         ; --            ; top         ; Top        ;
; POWER_BOARD_THERMAL_MODEL           ; None (CONSERVATIVE)                                            ; --            ; --          ; --         ;
; POWER_PRESET_COOLING_SOLUTION       ; 23 MM HEAT SINK WITH 200 LFPM AIRFLOW                          ; --            ; --          ; --         ;
; PROJECT_OUTPUT_DIRECTORY            ; output_files                                                   ; --            ; --          ; --         ;
; SMART_RECOMPILE                     ; On                                                             ; Off           ; --          ; --         ;
; TOP_LEVEL_ENTITY                    ; top                                                            ; R32V2020      ; --          ; --         ;
; USE_SIGNALTAP_FILE                  ; output_files/stp1.stp                                          ; --            ; --          ; --         ;
+-------------------------------------+----------------------------------------------------------------+---------------+-------------+------------+


+--------------------------------------------------------------------------------------------------------------------------+
; Flow Elapsed Time                                                                                                        ;
+----------------------+--------------+-------------------------+---------------------+------------------------------------+
; Module Name          ; Elapsed Time ; Average Processors Used ; Peak Virtual Memory ; Total CPU Time (on all processors) ;
+----------------------+--------------+-------------------------+---------------------+------------------------------------+
; Analysis & Synthesis ; 00:01:30     ; 1.0                     ; 4891 MB             ; 00:01:27                           ;
; Fitter               ; 00:00:21     ; 1.1                     ; 5565 MB             ; 00:00:26                           ;
; Assembler            ; 00:00:02     ; 1.0                     ; 4705 MB             ; 00:00:02                           ;
; Timing Analyzer      ; 00:00:06     ; 1.2                     ; 4831 MB             ; 00:00:06                           ;
; MIF/HEX Update       ; 00:00:02     ; 1.0                     ; 4725 MB             ; 00:00:02                           ;
; MIF/HEX Update       ; 00:00:02     ; 1.0                     ; 4725 MB             ; 00:00:02                           ;
; Assembler            ; 00:00:03     ; 1.0                     ; 4703 MB             ; 00:00:03                           ;
; MIF/HEX Update       ; 00:00:02     ; 1.0                     ; 4722 MB             ; 00:00:02                           ;
; MIF/HEX Update       ; 00:00:02     ; 1.0                     ; 4726 MB             ; 00:00:02                           ;
; Assembler            ; 00:00:03     ; 1.0                     ; 4702 MB             ; 00:00:03                           ;
; MIF/HEX Update       ; 00:00:02     ; 1.0                     ; 4726 MB             ; 00:00:02                           ;
; MIF/HEX Update       ; 00:00:02     ; 1.0                     ; 4726 MB             ; 00:00:02                           ;
; Assembler            ; 00:00:03     ; 1.0                     ; 4702 MB             ; 00:00:03                           ;
; MIF/HEX Update       ; 00:00:03     ; 1.0                     ; 4725 MB             ; 00:00:02                           ;
; MIF/HEX Update       ; 00:00:02     ; 1.0                     ; 4725 MB             ; 00:00:02                           ;
; Assembler            ; 00:00:03     ; 1.0                     ; 4705 MB             ; 00:00:03                           ;
; MIF/HEX Update       ; 00:00:02     ; 1.0                     ; 4725 MB             ; 00:00:02                           ;
; MIF/HEX Update       ; 00:00:02     ; 1.0                     ; 4725 MB             ; 00:00:02                           ;
; Assembler            ; 00:00:03     ; 1.0                     ; 4702 MB             ; 00:00:03                           ;
; MIF/HEX Update       ; 00:00:02     ; 1.0                     ; 4725 MB             ; 00:00:02                           ;
; MIF/HEX Update       ; 00:00:02     ; 1.0                     ; 4725 MB             ; 00:00:02                           ;
; Assembler            ; 00:00:03     ; 1.0                     ; 4704 MB             ; 00:00:03                           ;
; MIF/HEX Update       ; 00:00:02     ; 1.0                     ; 4725 MB             ; 00:00:02                           ;
; MIF/HEX Update       ; 00:00:02     ; 1.0                     ; 4725 MB             ; 00:00:02                           ;
; Assembler            ; 00:00:03     ; 1.0                     ; 4704 MB             ; 00:00:03                           ;
; MIF/HEX Update       ; 00:00:02     ; 1.0                     ; 4725 MB             ; 00:00:02                           ;
; MIF/HEX Update       ; 00:00:02     ; 1.0                     ; 4725 MB             ; 00:00:02                           ;
; Assembler            ; 00:00:04     ; 1.0                     ; 4704 MB             ; 00:00:03                           ;
; MIF/HEX Update       ; 00:00:02     ; 1.0                     ; 4725 MB             ; 00:00:02                           ;
; MIF/HEX Update       ; 00:00:02     ; 1.0                     ; 4725 MB             ; 00:00:02                           ;
; Assembler            ; 00:00:04     ; 1.0                     ; 4704 MB             ; 00:00:03                           ;
; MIF/HEX Update       ; 00:00:02     ; 1.0                     ; 4725 MB             ; 00:00:02                           ;
; MIF/HEX Update       ; 00:00:02     ; 1.0                     ; 4725 MB             ; 00:00:02                           ;
; Assembler            ; 00:00:03     ; 1.0                     ; 4704 MB             ; 00:00:03                           ;
; MIF/HEX Update       ; 00:00:02     ; 1.0                     ; 4725 MB             ; 00:00:02                           ;
; MIF/HEX Update       ; 00:00:02     ; 1.0                     ; 4725 MB             ; 00:00:02                           ;
; Assembler            ; 00:00:03     ; 1.0                     ; 4704 MB             ; 00:00:03                           ;
; MIF/HEX Update       ; 00:00:02     ; 1.0                     ; 4725 MB             ; 00:00:02                           ;
; MIF/HEX Update       ; 00:00:03     ; 1.0                     ; 4725 MB             ; 00:00:02                           ;
; Assembler            ; 00:00:03     ; 1.0                     ; 4704 MB             ; 00:00:03                           ;
; MIF/HEX Update       ; 00:00:02     ; 1.0                     ; 4725 MB             ; 00:00:02                           ;
; MIF/HEX Update       ; 00:00:02     ; 1.0                     ; 4725 MB             ; 00:00:02                           ;
; Assembler            ; 00:00:03     ; 1.0                     ; 4704 MB             ; 00:00:03                           ;
; MIF/HEX Update       ; 00:00:02     ; 1.0                     ; 4725 MB             ; 00:00:02                           ;
; MIF/HEX Update       ; 00:00:02     ; 1.0                     ; 4725 MB             ; 00:00:02                           ;
; Assembler            ; 00:00:03     ; 1.0                     ; 4704 MB             ; 00:00:03                           ;
; MIF/HEX Update       ; 00:00:02     ; 1.0                     ; 4725 MB             ; 00:00:02                           ;
; MIF/HEX Update       ; 00:00:01     ; 1.0                     ; 4725 MB             ; 00:00:02                           ;
; Assembler            ; 00:00:03     ; 1.0                     ; 4705 MB             ; 00:00:03                           ;
; MIF/HEX Update       ; 00:00:02     ; 1.0                     ; 4722 MB             ; 00:00:02                           ;
; MIF/HEX Update       ; 00:00:02     ; 1.0                     ; 4722 MB             ; 00:00:02                           ;
; Assembler            ; 00:00:03     ; 1.0                     ; 4705 MB             ; 00:00:03                           ;
; MIF/HEX Update       ; 00:00:02     ; 1.0                     ; 4722 MB             ; 00:00:02                           ;
; MIF/HEX Update       ; 00:00:02     ; 1.0                     ; 4726 MB             ; 00:00:02                           ;
; Assembler            ; 00:00:03     ; 1.0                     ; 4705 MB             ; 00:00:03                           ;
; MIF/HEX Update       ; 00:00:02     ; 1.0                     ; 4722 MB             ; 00:00:02                           ;
; MIF/HEX Update       ; 00:00:02     ; 1.0                     ; 4726 MB             ; 00:00:02                           ;
; Assembler            ; 00:00:02     ; 1.0                     ; 4705 MB             ; 00:00:03                           ;
; MIF/HEX Update       ; 00:00:02     ; 1.0                     ; 4726 MB             ; 00:00:02                           ;
; MIF/HEX Update       ; 00:00:01     ; 1.0                     ; 4726 MB             ; 00:00:02                           ;
; Assembler            ; 00:00:03     ; 1.0                     ; 4705 MB             ; 00:00:02                           ;
; MIF/HEX Update       ; 00:00:04     ; 1.0                     ; 4726 MB             ; 00:00:02                           ;
; MIF/HEX Update       ; 00:00:02     ; 1.0                     ; 4726 MB             ; 00:00:02                           ;
; Assembler            ; 00:00:03     ; 1.0                     ; 4703 MB             ; 00:00:03                           ;
; Total                ; 00:04:22     ; --                      ; --                  ; 00:04:20                           ;
+----------------------+--------------+-------------------------+---------------------+------------------------------------+


+------------------------------------------------------------------------------------+
; Flow OS Summary                                                                    ;
+----------------------+------------------+------------+------------+----------------+
; Module Name          ; Machine Hostname ; OS Name    ; OS Version ; Processor type ;
+----------------------+------------------+------------+------------+----------------+
; Analysis & Synthesis ; DESKTOP-2UF8LNB  ; Windows 10 ; 10.0       ; x86_64         ;
; Fitter               ; DESKTOP-2UF8LNB  ; Windows 10 ; 10.0       ; x86_64         ;
; Assembler            ; DESKTOP-2UF8LNB  ; Windows 10 ; 10.0       ; x86_64         ;
; Timing Analyzer      ; DESKTOP-2UF8LNB  ; Windows 10 ; 10.0       ; x86_64         ;
; MIF/HEX Update       ; DESKTOP-2UF8LNB  ; Windows 10 ; 10.0       ; x86_64         ;
; MIF/HEX Update       ; DESKTOP-2UF8LNB  ; Windows 10 ; 10.0       ; x86_64         ;
; Assembler            ; DESKTOP-2UF8LNB  ; Windows 10 ; 10.0       ; x86_64         ;
; MIF/HEX Update       ; DESKTOP-2UF8LNB  ; Windows 10 ; 10.0       ; x86_64         ;
; MIF/HEX Update       ; DESKTOP-2UF8LNB  ; Windows 10 ; 10.0       ; x86_64         ;
; Assembler            ; DESKTOP-2UF8LNB  ; Windows 10 ; 10.0       ; x86_64         ;
; MIF/HEX Update       ; DESKTOP-2UF8LNB  ; Windows 10 ; 10.0       ; x86_64         ;
; MIF/HEX Update       ; DESKTOP-2UF8LNB  ; Windows 10 ; 10.0       ; x86_64         ;
; Assembler            ; DESKTOP-2UF8LNB  ; Windows 10 ; 10.0       ; x86_64         ;
; MIF/HEX Update       ; DESKTOP-2UF8LNB  ; Windows 10 ; 10.0       ; x86_64         ;
; MIF/HEX Update       ; DESKTOP-2UF8LNB  ; Windows 10 ; 10.0       ; x86_64         ;
; Assembler            ; DESKTOP-2UF8LNB  ; Windows 10 ; 10.0       ; x86_64         ;
; MIF/HEX Update       ; DESKTOP-2UF8LNB  ; Windows 10 ; 10.0       ; x86_64         ;
; MIF/HEX Update       ; DESKTOP-2UF8LNB  ; Windows 10 ; 10.0       ; x86_64         ;
; Assembler            ; DESKTOP-2UF8LNB  ; Windows 10 ; 10.0       ; x86_64         ;
; MIF/HEX Update       ; DESKTOP-2UF8LNB  ; Windows 10 ; 10.0       ; x86_64         ;
; MIF/HEX Update       ; DESKTOP-2UF8LNB  ; Windows 10 ; 10.0       ; x86_64         ;
; Assembler            ; DESKTOP-2UF8LNB  ; Windows 10 ; 10.0       ; x86_64         ;
; MIF/HEX Update       ; DESKTOP-2UF8LNB  ; Windows 10 ; 10.0       ; x86_64         ;
; MIF/HEX Update       ; DESKTOP-2UF8LNB  ; Windows 10 ; 10.0       ; x86_64         ;
; Assembler            ; DESKTOP-2UF8LNB  ; Windows 10 ; 10.0       ; x86_64         ;
; MIF/HEX Update       ; DESKTOP-2UF8LNB  ; Windows 10 ; 10.0       ; x86_64         ;
; MIF/HEX Update       ; DESKTOP-2UF8LNB  ; Windows 10 ; 10.0       ; x86_64         ;
; Assembler            ; DESKTOP-2UF8LNB  ; Windows 10 ; 10.0       ; x86_64         ;
; MIF/HEX Update       ; DESKTOP-2UF8LNB  ; Windows 10 ; 10.0       ; x86_64         ;
; MIF/HEX Update       ; DESKTOP-2UF8LNB  ; Windows 10 ; 10.0       ; x86_64         ;
; Assembler            ; DESKTOP-2UF8LNB  ; Windows 10 ; 10.0       ; x86_64         ;
; MIF/HEX Update       ; DESKTOP-2UF8LNB  ; Windows 10 ; 10.0       ; x86_64         ;
; MIF/HEX Update       ; DESKTOP-2UF8LNB  ; Windows 10 ; 10.0       ; x86_64         ;
; Assembler            ; DESKTOP-2UF8LNB  ; Windows 10 ; 10.0       ; x86_64         ;
; MIF/HEX Update       ; DESKTOP-2UF8LNB  ; Windows 10 ; 10.0       ; x86_64         ;
; MIF/HEX Update       ; DESKTOP-2UF8LNB  ; Windows 10 ; 10.0       ; x86_64         ;
; Assembler            ; DESKTOP-2UF8LNB  ; Windows 10 ; 10.0       ; x86_64         ;
; MIF/HEX Update       ; DESKTOP-2UF8LNB  ; Windows 10 ; 10.0       ; x86_64         ;
; MIF/HEX Update       ; DESKTOP-2UF8LNB  ; Windows 10 ; 10.0       ; x86_64         ;
; Assembler            ; DESKTOP-2UF8LNB  ; Windows 10 ; 10.0       ; x86_64         ;
; MIF/HEX Update       ; DESKTOP-2UF8LNB  ; Windows 10 ; 10.0       ; x86_64         ;
; MIF/HEX Update       ; DESKTOP-2UF8LNB  ; Windows 10 ; 10.0       ; x86_64         ;
; Assembler            ; DESKTOP-2UF8LNB  ; Windows 10 ; 10.0       ; x86_64         ;
; MIF/HEX Update       ; DESKTOP-2UF8LNB  ; Windows 10 ; 10.0       ; x86_64         ;
; MIF/HEX Update       ; DESKTOP-2UF8LNB  ; Windows 10 ; 10.0       ; x86_64         ;
; Assembler            ; DESKTOP-2UF8LNB  ; Windows 10 ; 10.0       ; x86_64         ;
; MIF/HEX Update       ; DESKTOP-2UF8LNB  ; Windows 10 ; 10.0       ; x86_64         ;
; MIF/HEX Update       ; DESKTOP-2UF8LNB  ; Windows 10 ; 10.0       ; x86_64         ;
; Assembler            ; DESKTOP-2UF8LNB  ; Windows 10 ; 10.0       ; x86_64         ;
; MIF/HEX Update       ; DESKTOP-2UF8LNB  ; Windows 10 ; 10.0       ; x86_64         ;
; MIF/HEX Update       ; DESKTOP-2UF8LNB  ; Windows 10 ; 10.0       ; x86_64         ;
; Assembler            ; DESKTOP-2UF8LNB  ; Windows 10 ; 10.0       ; x86_64         ;
; MIF/HEX Update       ; DESKTOP-2UF8LNB  ; Windows 10 ; 10.0       ; x86_64         ;
; MIF/HEX Update       ; DESKTOP-2UF8LNB  ; Windows 10 ; 10.0       ; x86_64         ;
; Assembler            ; DESKTOP-2UF8LNB  ; Windows 10 ; 10.0       ; x86_64         ;
; MIF/HEX Update       ; DESKTOP-2UF8LNB  ; Windows 10 ; 10.0       ; x86_64         ;
; MIF/HEX Update       ; DESKTOP-2UF8LNB  ; Windows 10 ; 10.0       ; x86_64         ;
; Assembler            ; DESKTOP-2UF8LNB  ; Windows 10 ; 10.0       ; x86_64         ;
; MIF/HEX Update       ; DESKTOP-2UF8LNB  ; Windows 10 ; 10.0       ; x86_64         ;
; MIF/HEX Update       ; DESKTOP-2UF8LNB  ; Windows 10 ; 10.0       ; x86_64         ;
; Assembler            ; DESKTOP-2UF8LNB  ; Windows 10 ; 10.0       ; x86_64         ;
; MIF/HEX Update       ; DESKTOP-2UF8LNB  ; Windows 10 ; 10.0       ; x86_64         ;
; MIF/HEX Update       ; DESKTOP-2UF8LNB  ; Windows 10 ; 10.0       ; x86_64         ;
; Assembler            ; DESKTOP-2UF8LNB  ; Windows 10 ; 10.0       ; x86_64         ;
+----------------------+------------------+------------+------------+----------------+


------------
; Flow Log ;
------------
quartus_map --read_settings_files=on --write_settings_files=off R32V2020 -c R32V2020
quartus_fit --read_settings_files=off --write_settings_files=off R32V2020 -c R32V2020
quartus_asm --read_settings_files=off --write_settings_files=off R32V2020 -c R32V2020
quartus_sta R32V2020 -c R32V2020
quartus_cdb R32V2020 -c R32V2020 --update_mif
quartus_cdb R32V2020 -c R32V2020 --update_mif
quartus_asm --read_settings_files=on --write_settings_files=off R32V2020 -c R32V2020
quartus_cdb R32V2020 -c R32V2020 --update_mif
quartus_cdb R32V2020 -c R32V2020 --update_mif
quartus_asm --read_settings_files=on --write_settings_files=off R32V2020 -c R32V2020
quartus_cdb R32V2020 -c R32V2020 --update_mif
quartus_cdb R32V2020 -c R32V2020 --update_mif
quartus_asm --read_settings_files=on --write_settings_files=off R32V2020 -c R32V2020
quartus_cdb R32V2020 -c R32V2020 --update_mif
quartus_cdb R32V2020 -c R32V2020 --update_mif
quartus_asm --read_settings_files=on --write_settings_files=off R32V2020 -c R32V2020
quartus_cdb R32V2020 -c R32V2020 --update_mif
quartus_cdb R32V2020 -c R32V2020 --update_mif
quartus_asm --read_settings_files=on --write_settings_files=off R32V2020 -c R32V2020
quartus_cdb R32V2020 -c R32V2020 --update_mif
quartus_cdb R32V2020 -c R32V2020 --update_mif
quartus_asm --read_settings_files=on --write_settings_files=off R32V2020 -c R32V2020
quartus_cdb R32V2020 -c R32V2020 --update_mif
quartus_cdb R32V2020 -c R32V2020 --update_mif
quartus_asm --read_settings_files=on --write_settings_files=off R32V2020 -c R32V2020
quartus_cdb R32V2020 -c R32V2020 --update_mif
quartus_cdb R32V2020 -c R32V2020 --update_mif
quartus_asm --read_settings_files=on --write_settings_files=off R32V2020 -c R32V2020
quartus_cdb R32V2020 -c R32V2020 --update_mif
quartus_cdb R32V2020 -c R32V2020 --update_mif
quartus_asm --read_settings_files=on --write_settings_files=off R32V2020 -c R32V2020
quartus_cdb R32V2020 -c R32V2020 --update_mif
quartus_cdb R32V2020 -c R32V2020 --update_mif
quartus_asm --read_settings_files=on --write_settings_files=off R32V2020 -c R32V2020
quartus_cdb R32V2020 -c R32V2020 --update_mif
quartus_cdb R32V2020 -c R32V2020 --update_mif
quartus_asm --read_settings_files=on --write_settings_files=off R32V2020 -c R32V2020
quartus_cdb R32V2020 -c R32V2020 --update_mif
quartus_cdb R32V2020 -c R32V2020 --update_mif
quartus_asm --read_settings_files=on --write_settings_files=off R32V2020 -c R32V2020
quartus_cdb R32V2020 -c R32V2020 --update_mif
quartus_cdb R32V2020 -c R32V2020 --update_mif
quartus_asm --read_settings_files=on --write_settings_files=off R32V2020 -c R32V2020
quartus_cdb R32V2020 -c R32V2020 --update_mif
quartus_cdb R32V2020 -c R32V2020 --update_mif
quartus_asm --read_settings_files=on --write_settings_files=off R32V2020 -c R32V2020
quartus_cdb R32V2020 -c R32V2020 --update_mif
quartus_cdb R32V2020 -c R32V2020 --update_mif
quartus_asm --read_settings_files=on --write_settings_files=off R32V2020 -c R32V2020
quartus_cdb R32V2020 -c R32V2020 --update_mif
quartus_cdb R32V2020 -c R32V2020 --update_mif
quartus_asm --read_settings_files=on --write_settings_files=off R32V2020 -c R32V2020
quartus_cdb R32V2020 -c R32V2020 --update_mif
quartus_cdb R32V2020 -c R32V2020 --update_mif
quartus_asm --read_settings_files=on --write_settings_files=off R32V2020 -c R32V2020
quartus_cdb R32V2020 -c R32V2020 --update_mif
quartus_cdb R32V2020 -c R32V2020 --update_mif
quartus_asm --read_settings_files=on --write_settings_files=off R32V2020 -c R32V2020
quartus_cdb R32V2020 -c R32V2020 --update_mif
quartus_cdb R32V2020 -c R32V2020 --update_mif
quartus_asm --read_settings_files=on --write_settings_files=off R32V2020 -c R32V2020
quartus_cdb R32V2020 -c R32V2020 --update_mif
quartus_cdb R32V2020 -c R32V2020 --update_mif
quartus_asm --read_settings_files=on --write_settings_files=off R32V2020 -c R32V2020



