Flow report for R32V2020
Thu Jun 03 20:04:10 2021
Quartus Prime Version 20.1.0 Build 711 06/05/2020 SJ Lite Edition


---------------------
; Table of Contents ;
---------------------
  1. Legal Notice
  2. Flow Summary
  3. Flow Settings
  4. Flow Non-Default Global Settings
  5. Flow Elapsed Time
  6. Flow OS Summary
  7. Flow Log
  8. Flow Messages
  9. Flow Suppressed Messages



----------------
; Legal Notice ;
----------------
Copyright (C) 2020  Intel Corporation. All rights reserved.
Your use of Intel Corporation's design tools, logic functions 
and other software and tools, and any partner logic 
functions, and any output files from any of the foregoing 
(including device programming or simulation files), and any 
associated documentation or information are expressly subject 
to the terms and conditions of the Intel Program License 
Subscription Agreement, the Intel Quartus Prime License Agreement,
the Intel FPGA IP License Agreement, or other applicable license
agreement, including, without limitation, that your use is for
the sole purpose of programming logic devices manufactured by
Intel and sold by Intel or its authorized distributors.  Please
refer to the applicable agreement for further details, at
https://fpgasoftware.intel.com/eula.



+----------------------------------------------------------------------------------+
; Flow Summary                                                                     ;
+------------------------------------+---------------------------------------------+
; Flow Status                        ; Successful - Thu Jun 03 20:04:03 2021       ;
; Quartus Prime Version              ; 20.1.0 Build 711 06/05/2020 SJ Lite Edition ;
; Revision Name                      ; R32V2020                                    ;
; Top-level Entity Name              ; R32V2020_A4CE22_top                         ;
; Family                             ; Cyclone IV E                                ;
; Device                             ; EP4CE22F17C8                                ;
; Timing Models                      ; Final                                       ;
; Total logic elements               ; 6,407 / 22,320 ( 29 % )                     ;
;     Total combinational functions  ; 5,936 / 22,320 ( 27 % )                     ;
;     Dedicated logic registers      ; 2,180 / 22,320 ( 10 % )                     ;
; Total registers                    ; 2180                                        ;
; Total pins                         ; 72 / 154 ( 47 % )                           ;
; Total virtual pins                 ; 0                                           ;
; Total memory bits                  ; 393,472 / 608,256 ( 65 % )                  ;
; Embedded Multiplier 9-bit elements ; 12 / 132 ( 9 % )                            ;
; Total PLLs                         ; 0 / 4 ( 0 % )                               ;
+------------------------------------+---------------------------------------------+


+-----------------------------------------+
; Flow Settings                           ;
+-------------------+---------------------+
; Option            ; Setting             ;
+-------------------+---------------------+
; Start date & time ; 06/03/2021 20:02:28 ;
; Main task         ; Compilation         ;
; Revision Name     ; R32V2020            ;
+-------------------+---------------------+


+---------------------------------------------------------------------------------------------------------------------------------------------------------------+
; Flow Non-Default Global Settings                                                                                                                              ;
+-------------------------------------+----------------------------------------------------------------+---------------+---------------------+------------------+
; Assignment Name                     ; Value                                                          ; Default Value ; Entity Name         ; Section Id       ;
+-------------------------------------+----------------------------------------------------------------+---------------+---------------------+------------------+
; AUTO_SHIFT_REGISTER_RECOGNITION     ; Always                                                         ; Auto          ; --                  ; --               ;
; COMPILER_SIGNATURE_ID               ; 10995770589187.162276494820720                                 ; --            ; --                  ; --               ;
; ENABLE_SIGNALTAP                    ; On                                                             ; --            ; --                  ; --               ;
; INFER_RAMS_FROM_RAW_LOGIC           ; Off                                                            ; On            ; --                  ; --               ;
; MAX_CORE_JUNCTION_TEMP              ; 85                                                             ; --            ; --                  ; --               ;
; MIN_CORE_JUNCTION_TEMP              ; 0                                                              ; --            ; --                  ; --               ;
; MISC_FILE                           ; ../../Components/VGA/Mem_Mapped_XGA/VideoClk_XVGA_1024x768.cmp ; --            ; --                  ; --               ;
; MISC_FILE                           ; ../../Components/VGA/Mem_Mapped_XGA/VideoClk_XVGA_1024x768.ppf ; --            ; --                  ; --               ;
; NUM_PARALLEL_PROCESSORS             ; 4                                                              ; --            ; --                  ; --               ;
; OUTPUT_IO_TIMING_FAR_END_VMEAS      ; Half Signal Swing                                              ; --            ; --                  ; --               ;
; OUTPUT_IO_TIMING_FAR_END_VMEAS      ; Half Signal Swing                                              ; --            ; --                  ; --               ;
; OUTPUT_IO_TIMING_NEAR_END_VMEAS     ; Half Vccio                                                     ; --            ; --                  ; --               ;
; OUTPUT_IO_TIMING_NEAR_END_VMEAS     ; Half Vccio                                                     ; --            ; --                  ; --               ;
; PARTITION_COLOR                     ; -- (Not supported for targeted family)                         ; --            ; R32V2020_A4CE22_top ; Top              ;
; PARTITION_FITTER_PRESERVATION_LEVEL ; -- (Not supported for targeted family)                         ; --            ; R32V2020_A4CE22_top ; Top              ;
; PARTITION_NETLIST_TYPE              ; -- (Not supported for targeted family)                         ; --            ; R32V2020_A4CE22_top ; Top              ;
; POWER_BOARD_THERMAL_MODEL           ; None (CONSERVATIVE)                                            ; --            ; --                  ; --               ;
; POWER_PRESET_COOLING_SOLUTION       ; 23 MM HEAT SINK WITH 200 LFPM AIRFLOW                          ; --            ; --                  ; --               ;
; PROJECT_OUTPUT_DIRECTORY            ; output_files                                                   ; --            ; --                  ; --               ;
; SLD_FILE                            ; db/stp1_auto_stripped.stp                                      ; --            ; --                  ; --               ;
; SLD_NODE_CREATOR_ID                 ; 110                                                            ; --            ; --                  ; auto_signaltap_0 ;
; SLD_NODE_ENTITY_NAME                ; sld_signaltap                                                  ; --            ; --                  ; auto_signaltap_0 ;
; SLD_NODE_PARAMETER_ASSIGNMENT       ; SLD_RAM_BLOCK_TYPE=AUTO                                        ; --            ; --                  ; auto_signaltap_0 ;
; SLD_NODE_PARAMETER_ASSIGNMENT       ; SLD_DATA_BITS=33                                               ; --            ; --                  ; auto_signaltap_0 ;
; SLD_NODE_PARAMETER_ASSIGNMENT       ; SLD_TRIGGER_BITS=1                                             ; --            ; --                  ; auto_signaltap_0 ;
; SLD_NODE_PARAMETER_ASSIGNMENT       ; SLD_STORAGE_QUALIFIER_BITS=33                                  ; --            ; --                  ; auto_signaltap_0 ;
; SLD_NODE_PARAMETER_ASSIGNMENT       ; SLD_NODE_INFO=805334528                                        ; --            ; --                  ; auto_signaltap_0 ;
; SLD_NODE_PARAMETER_ASSIGNMENT       ; SLD_POWER_UP_TRIGGER=0                                         ; --            ; --                  ; auto_signaltap_0 ;
; SLD_NODE_PARAMETER_ASSIGNMENT       ; SLD_INVERSION_MASK=000000000000000000000000                    ; --            ; --                  ; auto_signaltap_0 ;
; SLD_NODE_PARAMETER_ASSIGNMENT       ; SLD_INVERSION_MASK_LENGTH=24                                   ; --            ; --                  ; auto_signaltap_0 ;
; SLD_NODE_PARAMETER_ASSIGNMENT       ; SLD_STORAGE_QUALIFIER_INVERSION_MASK_LENGTH=0                  ; --            ; --                  ; auto_signaltap_0 ;
; SLD_NODE_PARAMETER_ASSIGNMENT       ; SLD_SEGMENT_SIZE=128                                           ; --            ; --                  ; auto_signaltap_0 ;
; SLD_NODE_PARAMETER_ASSIGNMENT       ; SLD_ATTRIBUTE_MEM_MODE=OFF                                     ; --            ; --                  ; auto_signaltap_0 ;
; SLD_NODE_PARAMETER_ASSIGNMENT       ; SLD_STATE_FLOW_USE_GENERATED=0                                 ; --            ; --                  ; auto_signaltap_0 ;
; SLD_NODE_PARAMETER_ASSIGNMENT       ; SLD_STATE_BITS=11                                              ; --            ; --                  ; auto_signaltap_0 ;
; SLD_NODE_PARAMETER_ASSIGNMENT       ; SLD_BUFFER_FULL_STOP=1                                         ; --            ; --                  ; auto_signaltap_0 ;
; SLD_NODE_PARAMETER_ASSIGNMENT       ; SLD_CURRENT_RESOURCE_WIDTH=1                                   ; --            ; --                  ; auto_signaltap_0 ;
; SLD_NODE_PARAMETER_ASSIGNMENT       ; SLD_INCREMENTAL_ROUTING=1                                      ; --            ; --                  ; auto_signaltap_0 ;
; SLD_NODE_PARAMETER_ASSIGNMENT       ; SLD_TRIGGER_LEVEL=1                                            ; --            ; --                  ; auto_signaltap_0 ;
; SLD_NODE_PARAMETER_ASSIGNMENT       ; SLD_SAMPLE_DEPTH=128                                           ; --            ; --                  ; auto_signaltap_0 ;
; SLD_NODE_PARAMETER_ASSIGNMENT       ; SLD_TRIGGER_IN_ENABLED=0                                       ; --            ; --                  ; auto_signaltap_0 ;
; SLD_NODE_PARAMETER_ASSIGNMENT       ; SLD_TRIGGER_PIPELINE=0                                         ; --            ; --                  ; auto_signaltap_0 ;
; SLD_NODE_PARAMETER_ASSIGNMENT       ; SLD_RAM_PIPELINE=0                                             ; --            ; --                  ; auto_signaltap_0 ;
; SLD_NODE_PARAMETER_ASSIGNMENT       ; SLD_COUNTER_PIPELINE=0                                         ; --            ; --                  ; auto_signaltap_0 ;
; SLD_NODE_PARAMETER_ASSIGNMENT       ; SLD_ADVANCED_TRIGGER_ENTITY=basic,1,                           ; --            ; --                  ; auto_signaltap_0 ;
; SLD_NODE_PARAMETER_ASSIGNMENT       ; SLD_TRIGGER_LEVEL_PIPELINE=1                                   ; --            ; --                  ; auto_signaltap_0 ;
; SLD_NODE_PARAMETER_ASSIGNMENT       ; SLD_ENABLE_ADVANCED_TRIGGER=0                                  ; --            ; --                  ; auto_signaltap_0 ;
; SMART_RECOMPILE                     ; On                                                             ; Off           ; --                  ; --               ;
; TOP_LEVEL_ENTITY                    ; R32V2020_A4CE22_top                                            ; R32V2020      ; --                  ; --               ;
; USE_SIGNALTAP_FILE                  ; output_files/stp1.stp                                          ; --            ; --                  ; --               ;
+-------------------------------------+----------------------------------------------------------------+---------------+---------------------+------------------+


+--------------------------------------------------------------------------------------------------------------------------+
; Flow Elapsed Time                                                                                                        ;
+----------------------+--------------+-------------------------+---------------------+------------------------------------+
; Module Name          ; Elapsed Time ; Average Processors Used ; Peak Virtual Memory ; Total CPU Time (on all processors) ;
+----------------------+--------------+-------------------------+---------------------+------------------------------------+
; Analysis & Synthesis ; 00:01:03     ; 1.0                     ; 4893 MB             ; 00:01:42                           ;
; Fitter               ; 00:00:23     ; 1.1                     ; 5605 MB             ; 00:00:33                           ;
; Assembler            ; 00:00:02     ; 1.0                     ; 4706 MB             ; 00:00:03                           ;
; Timing Analyzer      ; 00:00:05     ; 1.3                     ; 4850 MB             ; 00:00:06                           ;
; Total                ; 00:01:33     ; --                      ; --                  ; 00:02:24                           ;
+----------------------+--------------+-------------------------+---------------------+------------------------------------+


+------------------------------------------------------------------------------------+
; Flow OS Summary                                                                    ;
+----------------------+------------------+------------+------------+----------------+
; Module Name          ; Machine Hostname ; OS Name    ; OS Version ; Processor type ;
+----------------------+------------------+------------+------------+----------------+
; Analysis & Synthesis ; DESKTOP-2UF8LNB  ; Windows 10 ; 10.0       ; x86_64         ;
; Fitter               ; DESKTOP-2UF8LNB  ; Windows 10 ; 10.0       ; x86_64         ;
; Assembler            ; DESKTOP-2UF8LNB  ; Windows 10 ; 10.0       ; x86_64         ;
; Timing Analyzer      ; DESKTOP-2UF8LNB  ; Windows 10 ; 10.0       ; x86_64         ;
+----------------------+------------------+------------+------------+----------------+


------------
; Flow Log ;
------------
quartus_map --read_settings_files=on --write_settings_files=off R32V2020 -c R32V2020
quartus_fit --read_settings_files=off --write_settings_files=off R32V2020 -c R32V2020
quartus_asm --read_settings_files=off --write_settings_files=off R32V2020 -c R32V2020
quartus_sta R32V2020 -c R32V2020



