Analysis & Synthesis report for R32V2020
Wed May 01 22:00:46 2019
Quartus Prime Version 18.1.0 Build 625 09/12/2018 SJ Lite Edition


---------------------
; Table of Contents ;
---------------------
  1. Legal Notice
  2. Analysis & Synthesis Summary
  3. Analysis & Synthesis Settings
  4. Parallel Compilation
  5. Analysis & Synthesis Messages



----------------
; Legal Notice ;
----------------
Copyright (C) 2018  Intel Corporation. All rights reserved.
Your use of Intel Corporation's design tools, logic functions 
and other software and tools, and its AMPP partner logic 
functions, and any output files from any of the foregoing 
(including device programming or simulation files), and any 
associated documentation or information are expressly subject 
to the terms and conditions of the Intel Program License 
Subscription Agreement, the Intel Quartus Prime License Agreement,
the Intel FPGA IP License Agreement, or other applicable license
agreement, including, without limitation, that your use is for
the sole purpose of programming logic devices manufactured by
Intel and sold by Intel or its authorized distributors.  Please
refer to the applicable agreement for further details.



+----------------------------------------------------------------------------------+
; Analysis & Synthesis Summary                                                     ;
+------------------------------------+---------------------------------------------+
; Analysis & Synthesis Status        ; Failed - Wed May 01 22:00:46 2019           ;
; Quartus Prime Version              ; 18.1.0 Build 625 09/12/2018 SJ Lite Edition ;
; Revision Name                      ; R32V2020                                    ;
; Top-level Entity Name              ; R32V2020                                    ;
; Family                             ; Cyclone IV E                                ;
; Total logic elements               ; N/A until Partition Merge                   ;
;     Total combinational functions  ; N/A until Partition Merge                   ;
;     Dedicated logic registers      ; N/A until Partition Merge                   ;
; Total registers                    ; N/A until Partition Merge                   ;
; Total pins                         ; N/A until Partition Merge                   ;
; Total virtual pins                 ; N/A until Partition Merge                   ;
; Total memory bits                  ; N/A until Partition Merge                   ;
; Embedded Multiplier 9-bit elements ; N/A until Partition Merge                   ;
; Total PLLs                         ; N/A until Partition Merge                   ;
+------------------------------------+---------------------------------------------+


+------------------------------------------------------------------------------------------------------------+
; Analysis & Synthesis Settings                                                                              ;
+------------------------------------------------------------------+--------------------+--------------------+
; Option                                                           ; Setting            ; Default Value      ;
+------------------------------------------------------------------+--------------------+--------------------+
; Device                                                           ; EP4CE6E22C8        ;                    ;
; Top-level entity name                                            ; R32V2020           ; R32V2020           ;
; Family name                                                      ; Cyclone IV E       ; Cyclone V          ;
; Maximum processors allowed for parallel compilation              ; 2                  ;                    ;
; Infer RAMs from Raw Logic                                        ; Off                ; On                 ;
; Auto Shift Register Replacement                                  ; Always             ; Auto               ;
; Use smart compilation                                            ; Off                ; Off                ;
; Enable parallel Assembler and Timing Analyzer during compilation ; On                 ; On                 ;
; Enable compact report table                                      ; Off                ; Off                ;
; Restructure Multiplexers                                         ; Auto               ; Auto               ;
; Create Debugging Nodes for IP Cores                              ; Off                ; Off                ;
; Preserve fewer node names                                        ; On                 ; On                 ;
; Intel FPGA IP Evaluation Mode                                    ; Enable             ; Enable             ;
; Verilog Version                                                  ; Verilog_2001       ; Verilog_2001       ;
; VHDL Version                                                     ; VHDL_1993          ; VHDL_1993          ;
; State Machine Processing                                         ; Auto               ; Auto               ;
; Safe State Machine                                               ; Off                ; Off                ;
; Extract Verilog State Machines                                   ; On                 ; On                 ;
; Extract VHDL State Machines                                      ; On                 ; On                 ;
; Ignore Verilog initial constructs                                ; Off                ; Off                ;
; Iteration limit for constant Verilog loops                       ; 5000               ; 5000               ;
; Iteration limit for non-constant Verilog loops                   ; 250                ; 250                ;
; Add Pass-Through Logic to Inferred RAMs                          ; On                 ; On                 ;
; Parallel Synthesis                                               ; On                 ; On                 ;
; DSP Block Balancing                                              ; Auto               ; Auto               ;
; NOT Gate Push-Back                                               ; On                 ; On                 ;
; Power-Up Don't Care                                              ; On                 ; On                 ;
; Remove Redundant Logic Cells                                     ; Off                ; Off                ;
; Remove Duplicate Registers                                       ; On                 ; On                 ;
; Ignore CARRY Buffers                                             ; Off                ; Off                ;
; Ignore CASCADE Buffers                                           ; Off                ; Off                ;
; Ignore GLOBAL Buffers                                            ; Off                ; Off                ;
; Ignore ROW GLOBAL Buffers                                        ; Off                ; Off                ;
; Ignore LCELL Buffers                                             ; Off                ; Off                ;
; Ignore SOFT Buffers                                              ; On                 ; On                 ;
; Limit AHDL Integers to 32 Bits                                   ; Off                ; Off                ;
; Optimization Technique                                           ; Balanced           ; Balanced           ;
; Carry Chain Length                                               ; 70                 ; 70                 ;
; Auto Carry Chains                                                ; On                 ; On                 ;
; Auto Open-Drain Pins                                             ; On                 ; On                 ;
; Perform WYSIWYG Primitive Resynthesis                            ; Off                ; Off                ;
; Auto ROM Replacement                                             ; On                 ; On                 ;
; Auto RAM Replacement                                             ; On                 ; On                 ;
; Auto DSP Block Replacement                                       ; On                 ; On                 ;
; Allow Shift Register Merging across Hierarchies                  ; Auto               ; Auto               ;
; Auto Clock Enable Replacement                                    ; On                 ; On                 ;
; Strict RAM Replacement                                           ; Off                ; Off                ;
; Allow Synchronous Control Signals                                ; On                 ; On                 ;
; Force Use of Synchronous Clear Signals                           ; Off                ; Off                ;
; Auto RAM Block Balancing                                         ; On                 ; On                 ;
; Auto RAM to Logic Cell Conversion                                ; Off                ; Off                ;
; Auto Resource Sharing                                            ; Off                ; Off                ;
; Allow Any RAM Size For Recognition                               ; Off                ; Off                ;
; Allow Any ROM Size For Recognition                               ; Off                ; Off                ;
; Allow Any Shift Register Size For Recognition                    ; Off                ; Off                ;
; Use LogicLock Constraints during Resource Balancing              ; On                 ; On                 ;
; Ignore translate_off and synthesis_off directives                ; Off                ; Off                ;
; Timing-Driven Synthesis                                          ; On                 ; On                 ;
; Report Parameter Settings                                        ; On                 ; On                 ;
; Report Source Assignments                                        ; On                 ; On                 ;
; Report Connectivity Checks                                       ; On                 ; On                 ;
; Ignore Maximum Fan-Out Assignments                               ; Off                ; Off                ;
; Synchronization Register Chain Length                            ; 2                  ; 2                  ;
; Power Optimization During Synthesis                              ; Normal compilation ; Normal compilation ;
; HDL message level                                                ; Level2             ; Level2             ;
; Suppress Register Optimization Related Messages                  ; Off                ; Off                ;
; Number of Removed Registers Reported in Synthesis Report         ; 5000               ; 5000               ;
; Number of Swept Nodes Reported in Synthesis Report               ; 5000               ; 5000               ;
; Number of Inverted Registers Reported in Synthesis Report        ; 100                ; 100                ;
; Clock MUX Protection                                             ; On                 ; On                 ;
; Auto Gated Clock Conversion                                      ; Off                ; Off                ;
; Block Design Naming                                              ; Auto               ; Auto               ;
; SDC constraint protection                                        ; Off                ; Off                ;
; Synthesis Effort                                                 ; Auto               ; Auto               ;
; Shift Register Replacement - Allow Asynchronous Clear Signal     ; On                 ; On                 ;
; Pre-Mapping Resynthesis Optimization                             ; Off                ; Off                ;
; Analysis & Synthesis Message Level                               ; Medium             ; Medium             ;
; Disable Register Merging Across Hierarchies                      ; Auto               ; Auto               ;
; Resource Aware Inference For Block RAM                           ; On                 ; On                 ;
+------------------------------------------------------------------+--------------------+--------------------+


+------------------------------------------+
; Parallel Compilation                     ;
+----------------------------+-------------+
; Processors                 ; Number      ;
+----------------------------+-------------+
; Number detected on machine ; 2           ;
; Maximum allowed            ; 2           ;
;                            ;             ;
; Average used               ; 1.00        ;
; Maximum used               ; 1           ;
;                            ;             ;
; Usage by Processor         ; % Time Used ;
;     Processor 1            ; 100.0%      ;
+----------------------------+-------------+


+-------------------------------+
; Analysis & Synthesis Messages ;
+-------------------------------+
Info: *******************************************************************
Info: Running Quartus Prime Analysis & Synthesis
    Info: Version 18.1.0 Build 625 09/12/2018 SJ Lite Edition
    Info: Processing started: Wed May 01 22:00:28 2019
Info: Command: quartus_map --read_settings_files=on --write_settings_files=off R32V2020 -c R32V2020
Info (20032): Parallel compilation is enabled and will use up to 2 processors
Info (12021): Found 2 design units, including 1 entities, in source file /users/doug/documents/github/r32v2020/vhdl/components/uart/buffereduart.vhd
    Info (12022): Found design unit 1: bufferedUART-rtl File: C:/Users/Doug/Documents/GitHub/R32V2020/VHDL/Components/UART/bufferedUART.vhd Line: 48
    Info (12023): Found entity 1: bufferedUART File: C:/Users/Doug/Documents/GitHub/R32V2020/VHDL/Components/UART/bufferedUART.vhd Line: 27
Info (12021): Found 2 design units, including 1 entities, in source file /users/doug/documents/github/r32v2020/vhdl/components/displayram/displayram2k.vhd
    Info (12022): Found design unit 1: DisplayRam2k-SYN File: C:/Users/Doug/Documents/GitHub/R32V2020/VHDL/Components/DisplayRAM/DisplayRam2k.vhd Line: 58
    Info (12023): Found entity 1: DisplayRam2k File: C:/Users/Doug/Documents/GitHub/R32V2020/VHDL/Components/DisplayRAM/DisplayRam2k.vhd Line: 42
Info (12021): Found 2 design units, including 1 entities, in source file /users/doug/documents/github/r32v2020/vhdl/components/tv/videoclk_svga_800x600.vhd
    Info (12022): Found design unit 1: VideoClk_SVGA_800x600-SYN File: C:/Users/Doug/Documents/GitHub/R32V2020/VHDL/Components/TV/VideoClk_SVGA_800x600.vhd Line: 55
    Info (12023): Found entity 1: VideoClk_SVGA_800x600 File: C:/Users/Doug/Documents/GitHub/R32V2020/VHDL/Components/TV/VideoClk_SVGA_800x600.vhd Line: 42
Info (12021): Found 2 design units, including 1 entities, in source file /users/doug/documents/github/r32v2020/vhdl/components/tv/uk101textdisplay_svga_800x600.vhd
    Info (12022): Found design unit 1: UK101TextDisplay_svga_800x600-rtl File: C:/Users/Doug/Documents/GitHub/R32V2020/VHDL/Components/TV/UK101TextDisplay_svga_800x600.vhd Line: 34
    Info (12023): Found entity 1: UK101TextDisplay_svga_800x600 File: C:/Users/Doug/Documents/GitHub/R32V2020/VHDL/Components/TV/UK101TextDisplay_svga_800x600.vhd Line: 20
Info (12021): Found 2 design units, including 1 entities, in source file /users/doug/documents/github/r32v2020/vhdl/components/ps2kb/ps2_intf.vhd
    Info (12022): Found design unit 1: ps2_intf-ps2_intf_arch File: C:/Users/Doug/Documents/GitHub/R32V2020/VHDL/Components/PS2KB/ps2_intf.vhd Line: 64
    Info (12023): Found entity 1: ps2_intf File: C:/Users/Doug/Documents/GitHub/R32V2020/VHDL/Components/PS2KB/ps2_intf.vhd Line: 46
Info (12021): Found 2 design units, including 1 entities, in source file r32v2020.vhd
    Info (12022): Found design unit 1: R32V2020-struct File: C:/Users/Doug/Documents/GitHub/R32V2020/VHDL/Top_Level_Builds/R32V2020_Build_V001/R32V2020.vhd Line: 40
    Info (12023): Found entity 1: R32V2020 File: C:/Users/Doug/Documents/GitHub/R32V2020/VHDL/Top_Level_Builds/R32V2020_Build_V001/R32V2020.vhd Line: 9
Error (10482): VHDL error at R32V2020.vhd(51): object "peripheralAddress" is used but not declared File: C:/Users/Doug/Documents/GitHub/R32V2020/VHDL/Top_Level_Builds/R32V2020_Build_V001/R32V2020.vhd Line: 51
Error: Quartus Prime Analysis & Synthesis was unsuccessful. 1 error, 0 warnings
    Error: Peak virtual memory: 633 megabytes
    Error: Processing ended: Wed May 01 22:00:46 2019
    Error: Elapsed time: 00:00:18
    Error: Total CPU time (on all processors): 00:00:27


