MIF/HEX Update report for R32V2020
Sun Mar 08 16:32:04 2020
Quartus Prime Version 18.1.0 Build 625 09/12/2018 SJ Lite Edition


---------------------
; Table of Contents ;
---------------------
  1. Legal Notice
  2. MIF/HEX Update Summary
  3. MIF/HEX Update Processed Files
  4. MIF/HEX Update Messages



----------------
; Legal Notice ;
----------------
Copyright (C) 2018  Intel Corporation. All rights reserved.
Your use of Intel Corporation's design tools, logic functions 
and other software and tools, and its AMPP partner logic 
functions, and any output files from any of the foregoing 
(including device programming or simulation files), and any 
associated documentation or information are expressly subject 
to the terms and conditions of the Intel Program License 
Subscription Agreement, the Intel Quartus Prime License Agreement,
the Intel FPGA IP License Agreement, or other applicable license
agreement, including, without limitation, that your use is for
the sole purpose of programming logic devices manufactured by
Intel and sold by Intel or its authorized distributors.  Please
refer to the applicable agreement for further details.



+-----------------------------------------------------------+
; MIF/HEX Update Summary                                    ;
+-----------------------+-----------------------------------+
; MIF/HEX Update Status ; Failed - Sun Mar 08 16:32:04 2020 ;
; Revision Name         ; R32V2020                          ;
; Top-level Entity Name ; R32V2020_A4CE15_top               ;
; Family                ; Cyclone IV E                      ;
; Device                ; EP4CE15F23C8                      ;
+-----------------------+-----------------------------------+


+--------------------------------+
; MIF/HEX Update Processed Files ;
+--------------------------------+
; File Name                      ;
+--------------------------------+


+-------------------------+
; MIF/HEX Update Messages ;
+-------------------------+
Info: *******************************************************************
Info: Running Quartus Prime MIF/HEX Update
    Info: Version 18.1.0 Build 625 09/12/2018 SJ Lite Edition
    Info: Processing started: Sun Mar 08 16:32:03 2020
Info: Command: quartus_cdb R32V2020 -c R32V2020 --update_mif
Error (113029): Data size does not match the number of bytes at line 1 in Hexadecimal (Intel-Format) File "G003-Tetris_ins.HEX" File: C:/Users/HPz420/Documents/GitHub/Doug Gilliland/R32V2020/Programs/Games/G003-Tetris_EP4CE10/G003-Tetris_ins.HEX Line: 1
Critical Warning (127002): Can't read Memory Initialization File or Hexadecimal (Intel-Format) File C:/Users/HPz420/Documents/GitHub/Doug Gilliland/R32V2020/Programs/Games/G003-Tetris_EP4CE10/G003-Tetris_ins.HEX -- setting all initial values to 0
Error (39022): Found no valid Memory Initialization File to process
Error: Quartus Prime MIF/HEX Update was unsuccessful. 2 errors, 1 warning
    Error: Peak virtual memory: 4728 megabytes
    Error: Processing ended: Sun Mar 08 16:32:04 2020
    Error: Elapsed time: 00:00:01
    Error: Total CPU time (on all processors): 00:00:01


